[1] TRUE
Got permission denied while trying to connect to the Docker daemon socket at unix:///var/run/docker.sock: Get http://%2Fvar%2Frun%2Fdocker.sock/v1.29/containers/json?all=1: dial unix /var/run/docker.sock: connect: permission denied
"docker rm" requires at least 1 argument(s).
See 'docker rm --help'.

Usage:  docker rm [OPTIONS] CONTAINER [CONTAINER...]

Remove one or more containers
Registered S3 method overwritten by 'Rcpp':
  method      from   
  print.bytes openssl
[sudo] password for rstudio: b0c071e51f695e2c44ef2bd3c987bf3e04adc9e36136c2529d98d271991d3719
[1] "Connecting to remote server"
$applicationCacheEnabled
[1] TRUE

$rotatable
[1] FALSE

$handlesAlerts
[1] TRUE

$databaseEnabled
[1] TRUE

$version
[1] "45.0.2"

$platform
[1] "LINUX"

$nativeEvents
[1] FALSE

$acceptSslCerts
[1] TRUE

$webdriver.remote.sessionid
[1] "71b2d954-ecef-44dc-9815-68c91408a9d7"

$webStorageEnabled
[1] TRUE

$locationContextEnabled
[1] TRUE

$browserName
[1] "firefox"

$takesScreenshot
[1] TRUE

$javascriptEnabled
[1] TRUE

$cssSelectorsEnabled
[1] TRUE

$id
[1] "71b2d954-ecef-44dc-9815-68c91408a9d7"

[1] "QIOPTIC"

Selenium message:arguments[0].click is not a function
Build info: version: '2.53.1', revision: 'a36b8b1', time: '2016-06-30 17:37:03'
System info: host: 'b0c071e51f69', ip: '172.17.0.2', os.name: 'Linux', os.arch: 'amd64', os.version: '4.15.0-1043-aws', java.version: '1.8.0_91'
Driver info: driver.version: unknown

[1] "nr: 2"
<simpleError: 	 Summary: UnknownError
 	 Detail: An unknown server-side error occurred while processing the command.
 	 class: org.openqa.selenium.WebDriverException
	 Further Details: run errorDetails method>
[1] "BANKSAPI"
[1] "WIRECARD"
[1] "FLIXBUS"
[1] "QIAGEN"
[1] 1
[1] 2
[1] 3
[1] 4
[1] 5
[1] 6
[1] 7
[1] 8
[1] 9
[1] 10
[1] 11
[1] 12
[1] 13
[1] 14
[1] 15
[1] 16
[1] 17
[1] 18
[1] 19
[1] 20
[1] 21
[1] 22
[1] 23
[1] 24
[1] 25
[1] 26
[1] 27
[1] "SCHNEIDERLE"
[1] 1
[1] "METRO-AG"

Selenium message:Unable to locate element: {"method":"xpath","selector":"/html/body/div[1]/div/div[1]/div/div[4]/div[2]/button"}
For documentation on this error, please visit: http://seleniumhq.org/exceptions/no_such_element.html
Build info: version: '2.53.1', revision: 'a36b8b1', time: '2016-06-30 17:37:03'
System info: host: 'b0c071e51f69', ip: '172.17.0.2', os.name: 'Linux', os.arch: 'amd64', os.version: '4.15.0-1043-aws', java.version: '1.8.0_91'
Driver info: driver.version: unknown

[1] "nr: 3"
<simpleError: 	 Summary: NoSuchElement
 	 Detail: An element could not be located on the page using the given search parameters.
 	 class: org.openqa.selenium.NoSuchElementException
	 Further Details: run errorDetails method>
[1] "CELONIS"
[1] "CREDITPLUS"

Selenium message:Permission denied to access property "handleEvent"
Build info: version: '2.53.1', revision: 'a36b8b1', time: '2016-06-30 17:37:03'
System info: host: 'b0c071e51f69', ip: '172.17.0.2', os.name: 'Linux', os.arch: 'amd64', os.version: '4.15.0-1043-aws', java.version: '1.8.0_91'
Driver info: driver.version: unknown

[1] "nr: 4"
<simpleError: 	 Summary: UnknownError
 	 Detail: An unknown server-side error occurred while processing the command.
 	 class: org.openqa.selenium.WebDriverException
	 Further Details: run errorDetails method>
[1] "MEDIAMARKT-SATURN"
[1] 1
[1] "ENBW"
[1] 1
[1] 2
[1] 3
[1] 4
[1] 5
[1] 6
[1] 7
[1] 8
[1] 9
[1] 10
[1] 11
[1] 12
[1] 13
[1] 14
[1] 15
[1] 16
[1] 17
[1] 18
[1] 19
[1] 20
[1] 21
[1] 22
[1] 23
[1] 24
[1] 25
[1] 26
[1] 27
[1] 28
[1] "CHECK24"
[1] "SCHNEIDERELE"
[1] 1
[1] "ASM-SMT-GERMANY"
[1] "ASM-SMT-EUROPE"
[1] "CYNORA"
[1] 1
[1] "CRIF-BUERGEL"
[1] 1
[1] 2
[1] "SENACOR"
[1] 1
[1] 2
[1] 3
[1] 4
[1] 5
[1] 6
[1] 7
[1] "CEWE"
[1] 1
[1] "FRAUNHOFER"
[1] 1
[1] 2
[1] 3
[1] 4
[1] 5
[1] 6
[1] 7
[1] 8
[1] 9
[1] 10
[1] 11
[1] 12
[1] 13
[1] 14
[1] 15
[1] 16
[1] 17
[1] 18
[1] 19
[1] 20
[1] 21
[1] 22
[1] 23
[1] 24
[1] 25
[1] 26
[1] 27
[1] 28
[1] 29
[1] 30
[1] 31
[1] 32
[1] 33
[1] 34
[1] 35
[1] 36
[1] 37
[1] 38
[1] 39
[1] 40
[1] 41
[1] 42
[1] 43
[1] 44
[1] 45
[1] 46
[1] 47
[1] 48
[1] 49
[1] 50
[1] 51
[1] 52
[1] 53
[1] 54
[1] 55
[1] 56
[1] 57
[1] 58
[1] 59
[1] 60
[1] 61
[1] 62
[1] 63
[1] 64
[1] 65
[1] 66
[1] 67
[1] 68
[1] 69
[1] 70
[1] 71
[1] 72
[1] 73
[1] 74
[1] 75
[1] 76
[1] 77
[1] 78
[1] 79
[1] 80
[1] 81
[1] 82
[1] 83
[1] 84
[1] 85
[1] 86
[1] 87
[1] 88
[1] 89
[1] 90
[1] 91
[1] 92
[1] 93
[1] 94
[1] 95
[1] 96
[1] 97
[1] 98
[1] 99
[1] "SAINT-GOBAIN"
[1] 1
[1] 2
[1] 3
[1] 4
[1] 5
[1] 6
[1] 7
[1] 8
[1] 9
[1] 10
[1] 11
[1] 12
[1] 13
[1] "THALES"
[1] 1
[1] 2
[1] "BFFT"
[1] "HILTI"
[1] 1
[1] 2
[1] 3
[1] 4
[1] 5
[1] 6
[1] 7
[1] 8
[1] 9
[1] 10
[1] 11
[1] "EFSAUTO"
[1] "4FLOW"

Selenium message:Element is no longer attached to the DOM
For documentation on this error, please visit: http://seleniumhq.org/exceptions/stale_element_reference.html
Build info: version: '2.53.1', revision: 'a36b8b1', time: '2016-06-30 17:37:03'
System info: host: 'b0c071e51f69', ip: '172.17.0.2', os.name: 'Linux', os.arch: 'amd64', os.version: '4.15.0-1043-aws', java.version: '1.8.0_91'
Driver info: driver.version: unknown

[1] "nr: 5"
<simpleError: 	 Summary: StaleElementReference
 	 Detail: An element command failed because the referenced element is no longer attached to the DOM.
 	 class: org.openqa.selenium.StaleElementReferenceException
	 Further Details: run errorDetails method>
[1] "DEVOTEAM"
[1] 1
[1] 2
[1] 3
[1] 4
[1] 5
[1] 6
[1] 7
[1] 8
[1] 9
[1] 10
[1] 11
[1] 12
[1] 13
[1] 14
[1] "PROSIEBENSAT1"
[1] "ALNATURA"
[1] 1
[1] 2
[1] 3
[1] "BAYER"
[1] "DEKA"
[1] 1
[1] "LINDT"
[1] 1
[1] 2
[1] 3
[1] 4
[1] 5
[1] 6
[1] 7
[1] 8
[1] 9
[1] 10
[1] 11
[1] "IQVIA"
[1] 1
[1] 2
[1] 3
[1] 4
[1] 5
[1] 6
[1] 7
[1] 8
[1] 9
[1] 10
[1] 11
[1] 12
[1] 13
[1] 14
[1] 15
[1] 16
[1] 17
[1] 18
[1] 19
[1] 20
[1] 21
[1] 22
[1] 23
[1] 24
[1] 25
[1] 26
[1] 27
[1] 28
[1] 29
[1] 30
[1] 31
[1] 32
[1] 33
[1] 34
[1] 35
[1] 36
[1] 37
[1] 38
[1] 39
[1] 40
[1] 41
[1] 42
[1] 43
[1] 44
[1] 45
[1] 46
[1] 47
[1] "BARCLAYS"
[1] "trying: 20"

Selenium message:Element is not currently visible and so may not be interacted with
Build info: version: '2.53.1', revision: 'a36b8b1', time: '2016-06-30 17:37:03'
System info: host: 'b0c071e51f69', ip: '172.17.0.2', os.name: 'Linux', os.arch: 'amd64', os.version: '4.15.0-1043-aws', java.version: '1.8.0_91'
Driver info: driver.version: unknown

[1] "25, 50, 75,... not successful"
[1] 1
[1] 2
[1] 3
[1] 4
[1] 5
[1] 6
[1] 7
[1] 8
[1] 9
[1] 10
[1] 11
[1] 12
[1] 13
[1] 14
[1] 15
[1] 16
[1] 17
[1] 18
[1] 19
[1] 20
[1] 21
[1] 22
[1] 23
[1] 24
[1] 25
[1] 26
[1] 27
[1] 28
[1] 29
[1] 30
[1] 31
[1] 32
[1] 33
[1] 34
[1] 35
[1] 36
[1] 37
[1] 38
[1] 39
[1] 40
[1] 41
[1] 42
[1] "CREDIT-SUISSE"
[1] 1
[1] 2
[1] 3
[1] 4
[1] 5
[1] 6
[1] 7
[1] 8
[1] 9
[1] 10
[1] 11
[1] 12
[1] 13
[1] 14
[1] 15
[1] 16
[1] 17
[1] 18
[1] 19
[1] 20
[1] 21
[1] 22
[1] 23
[1] 24
[1] 25
[1] 26
[1] 27
[1] 28
[1] 29
[1] 30
[1] 31
[1] 32
[1] 33
[1] 34
[1] 35
[1] 36
[1] 37
[1] 38
[1] 39
[1] 40
[1] 41
[1] 42
[1] 43
[1] 44
[1] 45
[1] 46
[1] 47
[1] 48
[1] 49
[1] 50
[1] 51
[1] 52
[1] 53
[1] 54
[1] 55
[1] 56
[1] 57
[1] "LEGO"
[1] "trying: 20"
[1] 1
[1] 2
[1] 3
[1] 4
[1] 5
[1] 6
[1] 7
[1] 8
[1] 9
[1] 10
[1] 11
[1] 12
[1] 13
[1] 14
[1] 15
[1] 16
[1] 17
[1] 18
[1] 19
[1] 20
[1] 21
[1] 22
[1] 23
[1] 24
[1] 25
[1] 26
[1] 27
[1] 28
[1] 29
[1] 30
[1] 31
[1] 32
[1] 33
[1] 34
[1] 35
[1] 36
[1] 37
[1] 38
[1] 39
[1] 40
[1] 41
[1] "KARSTADT"
[1] 1
[1] 2
[1] 3
[1] 4
[1] 5
[1] 6
[1] 7
[1] 8
[1] 9
[1] 10
[1] 11
[1] 12
[1] 13
[1] 14
[1] 15
[1] 16
[1] 17
[1] 18
[1] 19
[1] 20
[1] 21
[1] 22
[1] 23
[1] 24
[1] "TELEKOM"
[1] "trying: 20"
[1] 1
[1] 2
[1] "BASF"
[1] "no link to click"
[1] 1
[1] "no link to click"
[1] 0
[1] "RWE"
[1] 1
[1] 2
[1] 3
[1] 4
[1] 5
[1] 6
[1] 7
[1] "THYSSEN"
[1] "ING-DIBA"
[1] 1

Selenium message:Element is not clickable at point (1690, 2506). Other element would receive the click: <div style="cursor: auto; width: 2884px; height: 12258px; opacity: 0.8; display: block;" id="fancybox-overlay"></div>
Command duration or timeout: 75 milliseconds
Build info: version: '2.53.1', revision: 'a36b8b1', time: '2016-06-30 17:37:03'
System info: host: 'b0c071e51f69', ip: '172.17.0.2', os.name: 'Linux', os.arch: 'amd64', os.version: '4.15.0-1043-aws', java.version: '1.8.0_91'
Driver info: org.openqa.selenium.firefox.FirefoxDriver
Capabilities [{applicationCacheEnabled=true, rotatable=false, handlesAlerts=true, databaseEnabled=true, version=45.0.2, platform=LINUX, nativeEvents=false, acceptSslCerts=true, webStorageEnabled=true, locationContextEnabled=true, browserName=firefox, takesScreenshot=true, javascriptEnabled=true, cssSelectorsEnabled=true}]
Session ID: 94969e3f-7b17-4004-9142-1fb9492e82b7

[1] "switch to click2"
[1] 2

Selenium message:Element is not clickable at point (1690, 2506). Other element would receive the click: <div style="cursor: auto; width: 2884px; height: 12133px; opacity: 0.8; display: block;" id="fancybox-overlay"></div>
Command duration or timeout: 61 milliseconds
Build info: version: '2.53.1', revision: 'a36b8b1', time: '2016-06-30 17:37:03'
System info: host: 'b0c071e51f69', ip: '172.17.0.2', os.name: 'Linux', os.arch: 'amd64', os.version: '4.15.0-1043-aws', java.version: '1.8.0_91'
Driver info: org.openqa.selenium.firefox.FirefoxDriver
Capabilities [{applicationCacheEnabled=true, rotatable=false, handlesAlerts=true, databaseEnabled=true, version=45.0.2, platform=LINUX, nativeEvents=false, acceptSslCerts=true, webStorageEnabled=true, locationContextEnabled=true, browserName=firefox, takesScreenshot=true, javascriptEnabled=true, cssSelectorsEnabled=true}]
Session ID: 94969e3f-7b17-4004-9142-1fb9492e82b7

[1] "switch to click2"
[1] 3

Selenium message:Element is not clickable at point (1690, 2506). Other element would receive the click: <div style="cursor: auto; width: 2884px; height: 13131px; opacity: 0.8; display: block;" id="fancybox-overlay"></div>
Command duration or timeout: 61 milliseconds
Build info: version: '2.53.1', revision: 'a36b8b1', time: '2016-06-30 17:37:03'
System info: host: 'b0c071e51f69', ip: '172.17.0.2', os.name: 'Linux', os.arch: 'amd64', os.version: '4.15.0-1043-aws', java.version: '1.8.0_91'
Driver info: org.openqa.selenium.firefox.FirefoxDriver
Capabilities [{applicationCacheEnabled=true, rotatable=false, handlesAlerts=true, databaseEnabled=true, version=45.0.2, platform=LINUX, nativeEvents=false, acceptSslCerts=true, webStorageEnabled=true, locationContextEnabled=true, browserName=firefox, takesScreenshot=true, javascriptEnabled=true, cssSelectorsEnabled=true}]
Session ID: 94969e3f-7b17-4004-9142-1fb9492e82b7

[1] "switch to click2"
[1] 4

Selenium message:Element is not clickable at point (1690, 2506). Other element would receive the click: <div style="cursor: auto; width: 2884px; height: 12648px; opacity: 0.8; display: block;" id="fancybox-overlay"></div>
Command duration or timeout: 61 milliseconds
Build info: version: '2.53.1', revision: 'a36b8b1', time: '2016-06-30 17:37:03'
System info: host: 'b0c071e51f69', ip: '172.17.0.2', os.name: 'Linux', os.arch: 'amd64', os.version: '4.15.0-1043-aws', java.version: '1.8.0_91'
Driver info: org.openqa.selenium.firefox.FirefoxDriver
Capabilities [{applicationCacheEnabled=true, rotatable=false, handlesAlerts=true, databaseEnabled=true, version=45.0.2, platform=LINUX, nativeEvents=false, acceptSslCerts=true, webStorageEnabled=true, locationContextEnabled=true, browserName=firefox, takesScreenshot=true, javascriptEnabled=true, cssSelectorsEnabled=true}]
Session ID: 94969e3f-7b17-4004-9142-1fb9492e82b7

[1] "switch to click2"
[1] 5

Selenium message:Element is not clickable at point (1690, 2506). Other element would receive the click: <div style="cursor: auto; width: 2884px; height: 12322px; opacity: 0.8; display: block;" id="fancybox-overlay"></div>
Command duration or timeout: 61 milliseconds
Build info: version: '2.53.1', revision: 'a36b8b1', time: '2016-06-30 17:37:03'
System info: host: 'b0c071e51f69', ip: '172.17.0.2', os.name: 'Linux', os.arch: 'amd64', os.version: '4.15.0-1043-aws', java.version: '1.8.0_91'
Driver info: org.openqa.selenium.firefox.FirefoxDriver
Capabilities [{applicationCacheEnabled=true, rotatable=false, handlesAlerts=true, databaseEnabled=true, version=45.0.2, platform=LINUX, nativeEvents=false, acceptSslCerts=true, webStorageEnabled=true, locationContextEnabled=true, browserName=firefox, takesScreenshot=true, javascriptEnabled=true, cssSelectorsEnabled=true}]
Session ID: 94969e3f-7b17-4004-9142-1fb9492e82b7

[1] "switch to click2"
[1] 6

Selenium message:Element is not clickable at point (1690, 2506). Other element would receive the click: <div style="cursor: auto; width: 2884px; height: 12757px; opacity: 0.8; display: block;" id="fancybox-overlay"></div>
Command duration or timeout: 64 milliseconds
Build info: version: '2.53.1', revision: 'a36b8b1', time: '2016-06-30 17:37:03'
System info: host: 'b0c071e51f69', ip: '172.17.0.2', os.name: 'Linux', os.arch: 'amd64', os.version: '4.15.0-1043-aws', java.version: '1.8.0_91'
Driver info: org.openqa.selenium.firefox.FirefoxDriver
Capabilities [{applicationCacheEnabled=true, rotatable=false, handlesAlerts=true, databaseEnabled=true, version=45.0.2, platform=LINUX, nativeEvents=false, acceptSslCerts=true, webStorageEnabled=true, locationContextEnabled=true, browserName=firefox, takesScreenshot=true, javascriptEnabled=true, cssSelectorsEnabled=true}]
Session ID: 94969e3f-7b17-4004-9142-1fb9492e82b7

[1] "switch to click2"
[1] 7

Selenium message:Element is not clickable at point (1690, 2506). Other element would receive the click: <div style="cursor: auto; width: 2884px; height: 12537px; opacity: 0.8; display: block;" id="fancybox-overlay"></div>
Command duration or timeout: 74 milliseconds
Build info: version: '2.53.1', revision: 'a36b8b1', time: '2016-06-30 17:37:03'
System info: host: 'b0c071e51f69', ip: '172.17.0.2', os.name: 'Linux', os.arch: 'amd64', os.version: '4.15.0-1043-aws', java.version: '1.8.0_91'
Driver info: org.openqa.selenium.firefox.FirefoxDriver
Capabilities [{applicationCacheEnabled=true, rotatable=false, handlesAlerts=true, databaseEnabled=true, version=45.0.2, platform=LINUX, nativeEvents=false, acceptSslCerts=true, webStorageEnabled=true, locationContextEnabled=true, browserName=firefox, takesScreenshot=true, javascriptEnabled=true, cssSelectorsEnabled=true}]
Session ID: 94969e3f-7b17-4004-9142-1fb9492e82b7

[1] "switch to click2"
[1] 8

Selenium message:Element is not clickable at point (1690, 2506). Other element would receive the click: <div style="cursor: auto; width: 2884px; height: 12588px; opacity: 0.8; display: block;" id="fancybox-overlay"></div>
Command duration or timeout: 62 milliseconds
Build info: version: '2.53.1', revision: 'a36b8b1', time: '2016-06-30 17:37:03'
System info: host: 'b0c071e51f69', ip: '172.17.0.2', os.name: 'Linux', os.arch: 'amd64', os.version: '4.15.0-1043-aws', java.version: '1.8.0_91'
Driver info: org.openqa.selenium.firefox.FirefoxDriver
Capabilities [{applicationCacheEnabled=true, rotatable=false, handlesAlerts=true, databaseEnabled=true, version=45.0.2, platform=LINUX, nativeEvents=false, acceptSslCerts=true, webStorageEnabled=true, locationContextEnabled=true, browserName=firefox, takesScreenshot=true, javascriptEnabled=true, cssSelectorsEnabled=true}]
Session ID: 94969e3f-7b17-4004-9142-1fb9492e82b7

[1] "switch to click2"
[1] 9

Selenium message:Element is not clickable at point (1694.5, 2506). Other element would receive the click: <div style="cursor: auto; width: 2884px; height: 12430px; opacity: 0.8; display: block;" id="fancybox-overlay"></div>
Command duration or timeout: 61 milliseconds
Build info: version: '2.53.1', revision: 'a36b8b1', time: '2016-06-30 17:37:03'
System info: host: 'b0c071e51f69', ip: '172.17.0.2', os.name: 'Linux', os.arch: 'amd64', os.version: '4.15.0-1043-aws', java.version: '1.8.0_91'
Driver info: org.openqa.selenium.firefox.FirefoxDriver
Capabilities [{applicationCacheEnabled=true, rotatable=false, handlesAlerts=true, databaseEnabled=true, version=45.0.2, platform=LINUX, nativeEvents=false, acceptSslCerts=true, webStorageEnabled=true, locationContextEnabled=true, browserName=firefox, takesScreenshot=true, javascriptEnabled=true, cssSelectorsEnabled=true}]
Session ID: 94969e3f-7b17-4004-9142-1fb9492e82b7

[1] "switch to click2"
[1] 10

Selenium message:Element is not clickable at point (1694.5, 2506). Other element would receive the click: <div style="cursor: auto; width: 2884px; height: 12881px; opacity: 0.8; display: block;" id="fancybox-overlay"></div>
Command duration or timeout: 65 milliseconds
Build info: version: '2.53.1', revision: 'a36b8b1', time: '2016-06-30 17:37:03'
System info: host: 'b0c071e51f69', ip: '172.17.0.2', os.name: 'Linux', os.arch: 'amd64', os.version: '4.15.0-1043-aws', java.version: '1.8.0_91'
Driver info: org.openqa.selenium.firefox.FirefoxDriver
Capabilities [{applicationCacheEnabled=true, rotatable=false, handlesAlerts=true, databaseEnabled=true, version=45.0.2, platform=LINUX, nativeEvents=false, acceptSslCerts=true, webStorageEnabled=true, locationContextEnabled=true, browserName=firefox, takesScreenshot=true, javascriptEnabled=true, cssSelectorsEnabled=true}]
Session ID: 94969e3f-7b17-4004-9142-1fb9492e82b7

[1] "switch to click2"
[1] 11

Selenium message:Element is not clickable at point (1694.5, 2506). Other element would receive the click: <div style="cursor: auto; width: 2884px; height: 12524px; opacity: 0.8; display: block;" id="fancybox-overlay"></div>
Command duration or timeout: 61 milliseconds
Build info: version: '2.53.1', revision: 'a36b8b1', time: '2016-06-30 17:37:03'
System info: host: 'b0c071e51f69', ip: '172.17.0.2', os.name: 'Linux', os.arch: 'amd64', os.version: '4.15.0-1043-aws', java.version: '1.8.0_91'
Driver info: org.openqa.selenium.firefox.FirefoxDriver
Capabilities [{applicationCacheEnabled=true, rotatable=false, handlesAlerts=true, databaseEnabled=true, version=45.0.2, platform=LINUX, nativeEvents=false, acceptSslCerts=true, webStorageEnabled=true, locationContextEnabled=true, browserName=firefox, takesScreenshot=true, javascriptEnabled=true, cssSelectorsEnabled=true}]
Session ID: 94969e3f-7b17-4004-9142-1fb9492e82b7

[1] "switch to click2"
[1] 12

Selenium message:Element is not clickable at point (1694.5, 2506). Other element would receive the click: <div style="cursor: auto; width: 2884px; height: 12696px; opacity: 0.8; display: block;" id="fancybox-overlay"></div>
Command duration or timeout: 61 milliseconds
Build info: version: '2.53.1', revision: 'a36b8b1', time: '2016-06-30 17:37:03'
System info: host: 'b0c071e51f69', ip: '172.17.0.2', os.name: 'Linux', os.arch: 'amd64', os.version: '4.15.0-1043-aws', java.version: '1.8.0_91'
Driver info: org.openqa.selenium.firefox.FirefoxDriver
Capabilities [{applicationCacheEnabled=true, rotatable=false, handlesAlerts=true, databaseEnabled=true, version=45.0.2, platform=LINUX, nativeEvents=false, acceptSslCerts=true, webStorageEnabled=true, locationContextEnabled=true, browserName=firefox, takesScreenshot=true, javascriptEnabled=true, cssSelectorsEnabled=true}]
Session ID: 94969e3f-7b17-4004-9142-1fb9492e82b7

[1] "switch to click2"
[1] 13

Selenium message:Element is not clickable at point (1694.5, 2506). Other element would receive the click: <div style="cursor: auto; width: 2884px; height: 12743px; opacity: 0.8; display: block;" id="fancybox-overlay"></div>
Command duration or timeout: 61 milliseconds
Build info: version: '2.53.1', revision: 'a36b8b1', time: '2016-06-30 17:37:03'
System info: host: 'b0c071e51f69', ip: '172.17.0.2', os.name: 'Linux', os.arch: 'amd64', os.version: '4.15.0-1043-aws', java.version: '1.8.0_91'
Driver info: org.openqa.selenium.firefox.FirefoxDriver
Capabilities [{applicationCacheEnabled=true, rotatable=false, handlesAlerts=true, databaseEnabled=true, version=45.0.2, platform=LINUX, nativeEvents=false, acceptSslCerts=true, webStorageEnabled=true, locationContextEnabled=true, browserName=firefox, takesScreenshot=true, javascriptEnabled=true, cssSelectorsEnabled=true}]
Session ID: 94969e3f-7b17-4004-9142-1fb9492e82b7

[1] "switch to click2"
[1] 14

Selenium message:Element is not clickable at point (1694.5, 2506). Other element would receive the click: <div style="cursor: auto; width: 2884px; height: 12873px; opacity: 0.8; display: block;" id="fancybox-overlay"></div>
Command duration or timeout: 65 milliseconds
Build info: version: '2.53.1', revision: 'a36b8b1', time: '2016-06-30 17:37:03'
System info: host: 'b0c071e51f69', ip: '172.17.0.2', os.name: 'Linux', os.arch: 'amd64', os.version: '4.15.0-1043-aws', java.version: '1.8.0_91'
Driver info: org.openqa.selenium.firefox.FirefoxDriver
Capabilities [{applicationCacheEnabled=true, rotatable=false, handlesAlerts=true, databaseEnabled=true, version=45.0.2, platform=LINUX, nativeEvents=false, acceptSslCerts=true, webStorageEnabled=true, locationContextEnabled=true, browserName=firefox, takesScreenshot=true, javascriptEnabled=true, cssSelectorsEnabled=true}]
Session ID: 94969e3f-7b17-4004-9142-1fb9492e82b7

[1] "switch to click2"
[1] 15

Selenium message:Element is not clickable at point (1694.5, 2506). Other element would receive the click: <div style="cursor: auto; width: 2884px; height: 12559px; opacity: 0.8; display: block;" id="fancybox-overlay"></div>
Command duration or timeout: 61 milliseconds
Build info: version: '2.53.1', revision: 'a36b8b1', time: '2016-06-30 17:37:03'
System info: host: 'b0c071e51f69', ip: '172.17.0.2', os.name: 'Linux', os.arch: 'amd64', os.version: '4.15.0-1043-aws', java.version: '1.8.0_91'
Driver info: org.openqa.selenium.firefox.FirefoxDriver
Capabilities [{applicationCacheEnabled=true, rotatable=false, handlesAlerts=true, databaseEnabled=true, version=45.0.2, platform=LINUX, nativeEvents=false, acceptSslCerts=true, webStorageEnabled=true, locationContextEnabled=true, browserName=firefox, takesScreenshot=true, javascriptEnabled=true, cssSelectorsEnabled=true}]
Session ID: 94969e3f-7b17-4004-9142-1fb9492e82b7

[1] "switch to click2"
[1] 16

Selenium message:Element is not clickable at point (1694.5, 2506). Other element would receive the click: <div style="cursor: auto; width: 2884px; height: 13081px; opacity: 0.8; display: block;" id="fancybox-overlay"></div>
Command duration or timeout: 61 milliseconds
Build info: version: '2.53.1', revision: 'a36b8b1', time: '2016-06-30 17:37:03'
System info: host: 'b0c071e51f69', ip: '172.17.0.2', os.name: 'Linux', os.arch: 'amd64', os.version: '4.15.0-1043-aws', java.version: '1.8.0_91'
Driver info: org.openqa.selenium.firefox.FirefoxDriver
Capabilities [{applicationCacheEnabled=true, rotatable=false, handlesAlerts=true, databaseEnabled=true, version=45.0.2, platform=LINUX, nativeEvents=false, acceptSslCerts=true, webStorageEnabled=true, locationContextEnabled=true, browserName=firefox, takesScreenshot=true, javascriptEnabled=true, cssSelectorsEnabled=true}]
Session ID: 94969e3f-7b17-4004-9142-1fb9492e82b7

[1] "switch to click2"
[1] 17

Selenium message:Element is not clickable at point (1694.5, 2506). Other element would receive the click: <div style="cursor: auto; width: 2884px; height: 12793px; opacity: 0.8; display: block;" id="fancybox-overlay"></div>
Command duration or timeout: 62 milliseconds
Build info: version: '2.53.1', revision: 'a36b8b1', time: '2016-06-30 17:37:03'
System info: host: 'b0c071e51f69', ip: '172.17.0.2', os.name: 'Linux', os.arch: 'amd64', os.version: '4.15.0-1043-aws', java.version: '1.8.0_91'
Driver info: org.openqa.selenium.firefox.FirefoxDriver
Capabilities [{applicationCacheEnabled=true, rotatable=false, handlesAlerts=true, databaseEnabled=true, version=45.0.2, platform=LINUX, nativeEvents=false, acceptSslCerts=true, webStorageEnabled=true, locationContextEnabled=true, browserName=firefox, takesScreenshot=true, javascriptEnabled=true, cssSelectorsEnabled=true}]
Session ID: 94969e3f-7b17-4004-9142-1fb9492e82b7

[1] "switch to click2"
[1] 18

Selenium message:Element is not clickable at point (1694.5, 2506). Other element would receive the click: <div style="cursor: auto; width: 2884px; height: 12625px; opacity: 0.8; display: block;" id="fancybox-overlay"></div>
Command duration or timeout: 61 milliseconds
Build info: version: '2.53.1', revision: 'a36b8b1', time: '2016-06-30 17:37:03'
System info: host: 'b0c071e51f69', ip: '172.17.0.2', os.name: 'Linux', os.arch: 'amd64', os.version: '4.15.0-1043-aws', java.version: '1.8.0_91'
Driver info: org.openqa.selenium.firefox.FirefoxDriver
Capabilities [{applicationCacheEnabled=true, rotatable=false, handlesAlerts=true, databaseEnabled=true, version=45.0.2, platform=LINUX, nativeEvents=false, acceptSslCerts=true, webStorageEnabled=true, locationContextEnabled=true, browserName=firefox, takesScreenshot=true, javascriptEnabled=true, cssSelectorsEnabled=true}]
Session ID: 94969e3f-7b17-4004-9142-1fb9492e82b7

[1] "switch to click2"
[1] 19

Selenium message:Element is not clickable at point (1694.5, 2506). Other element would receive the click: <div style="cursor: auto; width: 2884px; height: 12467px; opacity: 0.8; display: block;" id="fancybox-overlay"></div>
Command duration or timeout: 61 milliseconds
Build info: version: '2.53.1', revision: 'a36b8b1', time: '2016-06-30 17:37:03'
System info: host: 'b0c071e51f69', ip: '172.17.0.2', os.name: 'Linux', os.arch: 'amd64', os.version: '4.15.0-1043-aws', java.version: '1.8.0_91'
Driver info: org.openqa.selenium.firefox.FirefoxDriver
Capabilities [{applicationCacheEnabled=true, rotatable=false, handlesAlerts=true, databaseEnabled=true, version=45.0.2, platform=LINUX, nativeEvents=false, acceptSslCerts=true, webStorageEnabled=true, locationContextEnabled=true, browserName=firefox, takesScreenshot=true, javascriptEnabled=true, cssSelectorsEnabled=true}]
Session ID: 94969e3f-7b17-4004-9142-1fb9492e82b7

[1] "switch to click2"
[1] 20

Selenium message:Element is not clickable at point (1694.5, 2506). Other element would receive the click: <div style="cursor: auto; width: 2884px; height: 13154px; opacity: 0.8; display: block;" id="fancybox-overlay"></div>
Command duration or timeout: 65 milliseconds
Build info: version: '2.53.1', revision: 'a36b8b1', time: '2016-06-30 17:37:03'
System info: host: 'b0c071e51f69', ip: '172.17.0.2', os.name: 'Linux', os.arch: 'amd64', os.version: '4.15.0-1043-aws', java.version: '1.8.0_91'
Driver info: org.openqa.selenium.firefox.FirefoxDriver
Capabilities [{applicationCacheEnabled=true, rotatable=false, handlesAlerts=true, databaseEnabled=true, version=45.0.2, platform=LINUX, nativeEvents=false, acceptSslCerts=true, webStorageEnabled=true, locationContextEnabled=true, browserName=firefox, takesScreenshot=true, javascriptEnabled=true, cssSelectorsEnabled=true}]
Session ID: 94969e3f-7b17-4004-9142-1fb9492e82b7

[1] "switch to click2"
[1] 21

Selenium message:Element is not clickable at point (1694.5, 2506). Other element would receive the click: <div style="cursor: auto; width: 2884px; height: 12935px; opacity: 0.8; display: block;" id="fancybox-overlay"></div>
Command duration or timeout: 61 milliseconds
Build info: version: '2.53.1', revision: 'a36b8b1', time: '2016-06-30 17:37:03'
System info: host: 'b0c071e51f69', ip: '172.17.0.2', os.name: 'Linux', os.arch: 'amd64', os.version: '4.15.0-1043-aws', java.version: '1.8.0_91'
Driver info: org.openqa.selenium.firefox.FirefoxDriver
Capabilities [{applicationCacheEnabled=true, rotatable=false, handlesAlerts=true, databaseEnabled=true, version=45.0.2, platform=LINUX, nativeEvents=false, acceptSslCerts=true, webStorageEnabled=true, locationContextEnabled=true, browserName=firefox, takesScreenshot=true, javascriptEnabled=true, cssSelectorsEnabled=true}]
Session ID: 94969e3f-7b17-4004-9142-1fb9492e82b7

[1] "switch to click2"
[1] 22

Selenium message:Element is not clickable at point (1694.5, 2506). Other element would receive the click: <div style="cursor: auto; width: 2884px; height: 13195px; opacity: 0.8; display: block;" id="fancybox-overlay"></div>
Command duration or timeout: 62 milliseconds
Build info: version: '2.53.1', revision: 'a36b8b1', time: '2016-06-30 17:37:03'
System info: host: 'b0c071e51f69', ip: '172.17.0.2', os.name: 'Linux', os.arch: 'amd64', os.version: '4.15.0-1043-aws', java.version: '1.8.0_91'
Driver info: org.openqa.selenium.firefox.FirefoxDriver
Capabilities [{applicationCacheEnabled=true, rotatable=false, handlesAlerts=true, databaseEnabled=true, version=45.0.2, platform=LINUX, nativeEvents=false, acceptSslCerts=true, webStorageEnabled=true, locationContextEnabled=true, browserName=firefox, takesScreenshot=true, javascriptEnabled=true, cssSelectorsEnabled=true}]
Session ID: 94969e3f-7b17-4004-9142-1fb9492e82b7

[1] "switch to click2"
[1] 23

Selenium message:Element is not clickable at point (1694.5, 2506). Other element would receive the click: <div style="cursor: auto; width: 2884px; height: 13200px; opacity: 0.8; display: block;" id="fancybox-overlay"></div>
Command duration or timeout: 60 milliseconds
Build info: version: '2.53.1', revision: 'a36b8b1', time: '2016-06-30 17:37:03'
System info: host: 'b0c071e51f69', ip: '172.17.0.2', os.name: 'Linux', os.arch: 'amd64', os.version: '4.15.0-1043-aws', java.version: '1.8.0_91'
Driver info: org.openqa.selenium.firefox.FirefoxDriver
Capabilities [{applicationCacheEnabled=true, rotatable=false, handlesAlerts=true, databaseEnabled=true, version=45.0.2, platform=LINUX, nativeEvents=false, acceptSslCerts=true, webStorageEnabled=true, locationContextEnabled=true, browserName=firefox, takesScreenshot=true, javascriptEnabled=true, cssSelectorsEnabled=true}]
Session ID: 94969e3f-7b17-4004-9142-1fb9492e82b7

[1] "switch to click2"
[1] 24

Selenium message:Element is not clickable at point (1694.5, 2506). Other element would receive the click: <div style="cursor: auto; width: 2884px; height: 12577px; opacity: 0.8; display: block;" id="fancybox-overlay"></div>
Command duration or timeout: 61 milliseconds
Build info: version: '2.53.1', revision: 'a36b8b1', time: '2016-06-30 17:37:03'
System info: host: 'b0c071e51f69', ip: '172.17.0.2', os.name: 'Linux', os.arch: 'amd64', os.version: '4.15.0-1043-aws', java.version: '1.8.0_91'
Driver info: org.openqa.selenium.firefox.FirefoxDriver
Capabilities [{applicationCacheEnabled=true, rotatable=false, handlesAlerts=true, databaseEnabled=true, version=45.0.2, platform=LINUX, nativeEvents=false, acceptSslCerts=true, webStorageEnabled=true, locationContextEnabled=true, browserName=firefox, takesScreenshot=true, javascriptEnabled=true, cssSelectorsEnabled=true}]
Session ID: 94969e3f-7b17-4004-9142-1fb9492e82b7

[1] "switch to click2"
[1] 25

Selenium message:Element is not clickable at point (1694.5, 2506). Other element would receive the click: <div style="cursor: auto; width: 2884px; height: 13289px; opacity: 0.8; display: block;" id="fancybox-overlay"></div>
Command duration or timeout: 61 milliseconds
Build info: version: '2.53.1', revision: 'a36b8b1', time: '2016-06-30 17:37:03'
System info: host: 'b0c071e51f69', ip: '172.17.0.2', os.name: 'Linux', os.arch: 'amd64', os.version: '4.15.0-1043-aws', java.version: '1.8.0_91'
Driver info: org.openqa.selenium.firefox.FirefoxDriver
Capabilities [{applicationCacheEnabled=true, rotatable=false, handlesAlerts=true, databaseEnabled=true, version=45.0.2, platform=LINUX, nativeEvents=false, acceptSslCerts=true, webStorageEnabled=true, locationContextEnabled=true, browserName=firefox, takesScreenshot=true, javascriptEnabled=true, cssSelectorsEnabled=true}]
Session ID: 94969e3f-7b17-4004-9142-1fb9492e82b7

[1] "switch to click2"
[1] 26

Selenium message:Element is not clickable at point (1694.5, 2506). Other element would receive the click: <div style="cursor: auto; width: 2884px; height: 13729px; opacity: 0.8; display: block;" id="fancybox-overlay"></div>
Command duration or timeout: 64 milliseconds
Build info: version: '2.53.1', revision: 'a36b8b1', time: '2016-06-30 17:37:03'
System info: host: 'b0c071e51f69', ip: '172.17.0.2', os.name: 'Linux', os.arch: 'amd64', os.version: '4.15.0-1043-aws', java.version: '1.8.0_91'
Driver info: org.openqa.selenium.firefox.FirefoxDriver
Capabilities [{applicationCacheEnabled=true, rotatable=false, handlesAlerts=true, databaseEnabled=true, version=45.0.2, platform=LINUX, nativeEvents=false, acceptSslCerts=true, webStorageEnabled=true, locationContextEnabled=true, browserName=firefox, takesScreenshot=true, javascriptEnabled=true, cssSelectorsEnabled=true}]
Session ID: 94969e3f-7b17-4004-9142-1fb9492e82b7

[1] "switch to click2"
[1] 27

Selenium message:Element is not clickable at point (1694.5, 2506). Other element would receive the click: <div style="cursor: auto; width: 2884px; height: 12779px; opacity: 0.8; display: block;" id="fancybox-overlay"></div>
Command duration or timeout: 284 milliseconds
Build info: version: '2.53.1', revision: 'a36b8b1', time: '2016-06-30 17:37:03'
System info: host: 'b0c071e51f69', ip: '172.17.0.2', os.name: 'Linux', os.arch: 'amd64', os.version: '4.15.0-1043-aws', java.version: '1.8.0_91'
Driver info: org.openqa.selenium.firefox.FirefoxDriver
Capabilities [{applicationCacheEnabled=true, rotatable=false, handlesAlerts=true, databaseEnabled=true, version=45.0.2, platform=LINUX, nativeEvents=false, acceptSslCerts=true, webStorageEnabled=true, locationContextEnabled=true, browserName=firefox, takesScreenshot=true, javascriptEnabled=true, cssSelectorsEnabled=true}]
Session ID: 94969e3f-7b17-4004-9142-1fb9492e82b7

[1] "switch to click2"
[1] 28
[1] 29
[1] "BUNDESBANK"
[1] "trying: 20"

Selenium message:Element is not currently visible and so may not be interacted with
Build info: version: '2.53.1', revision: 'a36b8b1', time: '2016-06-30 17:37:03'
System info: host: 'b0c071e51f69', ip: '172.17.0.2', os.name: 'Linux', os.arch: 'amd64', os.version: '4.15.0-1043-aws', java.version: '1.8.0_91'
Driver info: driver.version: unknown

[1] "25, 50, 75,... not successful"
[1] 1
[1] 2
[1] 3
[1] 4
[1] 5
[1] 6
[1] 7
[1] 8
[1] "SCHWARZ"
[1] 1
[1] 2
[1] 3
[1] 4
[1] 5
[1] 6
[1] 7
[1] 8
[1] 9
[1] 10
[1] 11
[1] 12
[1] 13
[1] 14
[1] 15
[1] 16
[1] 17
[1] 18
[1] 19
[1] 20
[1] 21
[1] "SWISSRE"
[1] 1
[1] 2
[1] 3
[1] 4
[1] 5
[1] 6
[1] 7
[1] 8
[1] 9
[1] 10
[1] 11
[1] 12
[1] 13
[1] 14
[1] 15
[1] 16
[1] 17
[1] "RUV"
[1] 1
[1] 20
[1] 30
[1] 40
[1] 50
[1] 60
[1] 70
[1] 80
[1] 90
[1] 100
[1] 110
[1] 120
[1] 130
[1] 140
[1] 150
[1] 160
[1] 170
[1] 180
[1] 190
[1] 200
[1] 210
[1] 220
[1] 230
[1] 240
[1] 250
[1] 260
[1] 270
[1] 280
[1] 290
[1] 300
[1] 310
[1] 320
[1] 330
[1] 340
[1] 350
[1] 360
[1] 370
[1] 380
[1] 390
[1] 400
[1] 410
[1] 420
[1] 430
[1] 440
[1] 450
[1] 460
[1] 470
[1] 480
[1] 490
[1] 500
[1] 510
[1] 520
[1] 530
[1] 540
[1] 550
[1] 560
[1] 570
[1] 580
[1] 590
[1] 600
[1] 610
[1] 620
[1] 630
[1] 640
[1] 650
[1] 660
[1] 670
[1] 680
[1] 690
[1] 700
[1] 710
[1] 720
[1] 730
[1] 740
[1] 750
[1] 760
[1] 770
[1] 780
[1] 790
[1] 800
[1] 810
[1] 820
[1] 830
[1] 840
[1] 850
[1] 860
[1] 870
[1] 880
[1] 890
[1] 900
[1] 910
[1] 920
[1] 930
[1] 940
[1] 950
[1] 960
[1] 970
[1] 980
[1] 990
[1] 1000
[1] 1010
[1] 1020
[1] 1030
[1] 1040
[1] 1050
[1] 1060
[1] 1070
[1] 1080
[1] 1090
[1] 1100
[1] 1110
[1] 1120
[1] 1130
[1] 1140
[1] 1150
[1] 1160
[1] 1170
[1] 1180
[1] 1190
[1] 1200
[1] 1210
[1] 1220
[1] 1230
[1] 1240
[1] 1250
[1] 1260
[1] 1270
[1] 1280
[1] 1290
[1] 1300
[1] 1310
[1] 1320
[1] 1330
[1] 1340
[1] 1350
[1] 1360
[1] 1370
[1] 1380
[1] 1390
[1] 1400
[1] 1410
[1] 1420
[1] 1430
[1] 1440
[1] 1450
[1] 1460
[1] 1470
[1] 1480
[1] 1490
[1] 1500
[1] 1510
[1] 1520
[1] 1530
[1] 1540
[1] 1550
[1] 1560
[1] 1570
[1] 1580
[1] 1590
[1] 1600
[1] "no link to click"
[1] 1610
[1] "METRO"
[1] 1
[1] 2
[1] 3
[1] "ZALANDO"

Selenium message:Permission denied to access property "handleEvent"
Build info: version: '2.53.1', revision: 'a36b8b1', time: '2016-06-30 17:37:03'
System info: host: 'b0c071e51f69', ip: '172.17.0.2', os.name: 'Linux', os.arch: 'amd64', os.version: '4.15.0-1043-aws', java.version: '1.8.0_91'
Driver info: driver.version: unknown

[1] "nr: 6"
<simpleError: 	 Summary: UnknownError
 	 Detail: An unknown server-side error occurred while processing the command.
 	 class: org.openqa.selenium.WebDriverException
	 Further Details: run errorDetails method>
[1] "BOEHRINGER"
[1] 1
[1] 2
[1] 3
[1] 4
[1] 5
[1] 6
[1] 7
[1] 8
[1] "AIRBUS"
[1] "no link to click"
[1] 1
[1] "no link to click"
[1] 0
[1] "VATTENFALL"
[1] "trying: 20"

Selenium message:Element is not currently visible and so may not be interacted with
Build info: version: '2.53.1', revision: 'a36b8b1', time: '2016-06-30 17:37:03'
System info: host: 'b0c071e51f69', ip: '172.17.0.2', os.name: 'Linux', os.arch: 'amd64', os.version: '4.15.0-1043-aws', java.version: '1.8.0_91'
Driver info: driver.version: unknown

[1] "25, 50, 75,... not successful"
[1] 1
[1] "EON"
[1] 1
[1] "OBI"
[1] "trying: 20"
[1] 1
[1] 2
[1] 3
[1] 4
[1] 5
[1] 6
[1] 7
[1] 8
[1] 9
[1] 10
[1] 11
[1] 12
[1] 13
[1] 14
[1] 15
[1] 16
[1] 17
[1] 18
[1] 19
[1] 20
[1] 21
[1] 22
[1] 23
[1] 24
[1] 25
[1] 26
[1] 27
[1] 28
[1] 29
[1] 30
[1] 31
[1] 32
[1] 33
[1] 34
[1] 35
[1] 36
[1] 37
[1] 38
[1] 39
[1] 40
[1] 41
[1] 42
[1] 43
[1] 44
[1] 45
[1] "DEUTSCHE-BÖRSE"
[1] 1
[1] 2
[1] 3
[1] 4
[1] "BEIERSDORF"
[1] "trying: 20"

Selenium message:Element is not currently visible and so may not be interacted with
Build info: version: '2.53.1', revision: 'a36b8b1', time: '2016-06-30 17:37:03'
System info: host: 'b0c071e51f69', ip: '172.17.0.2', os.name: 'Linux', os.arch: 'amd64', os.version: '4.15.0-1043-aws', java.version: '1.8.0_91'
Driver info: driver.version: unknown

[1] "25, 50, 75,... not successful"
[1] 1
[1] 2
[1] 3
[1] 4
[1] 5
[1] 6
[1] 7
[1] 8
[1] 9
[1] 10
[1] 11
[1] "ROSSMANN"
[1] "trying: 20"
[1] 1
[1] 2
[1] 3
[1] 4
[1] 5
[1] 6
[1] 7
[1] 8
[1] 9
[1] 10
[1] 11
[1] 12
[1] 13
[1] 14
[1] 15
[1] 16
[1] 17
[1] 18
[1] 19
[1] 20
[1] 21
[1] 22
[1] 23
[1] 24
[1] 25
[1] 26
[1] 27
[1] 28
[1] 29
[1] 30
[1] 31
[1] 32
[1] 33
[1] 34
[1] 35
[1] 36
[1] 37
[1] 38
[1] 39
[1] 40
[1] 41
[1] 42
[1] 43
[1] 44
[1] 45
[1] 46
[1] 47
[1] 48
[1] 49
[1] 50
[1] 51
[1] 52
[1] 53
[1] 54
[1] 55
[1] 56
[1] 57
[1] 58
[1] 59
[1] 60
[1] 61
[1] 62
[1] 63
[1] 64
[1] 65
[1] 66
[1] 67
[1] 68
[1] 69
[1] 70
[1] 71
[1] 72
[1] 73
[1] 74
[1] 75
[1] 76
[1] 77
[1] 78
[1] 79
[1] 80
[1] 81
[1] 82
[1] 83
[1] 84
[1] 85
[1] 86
[1] 87
[1] 88
[1] 89
[1] 90
[1] 91
[1] 92
[1] "EDEKA"
[1] 1
[1] "PORSCHE"
[1] 1
[1] "REWE"
[1] 1
[1] 2
[1] 3
[1] 4
[1] 5
[1] 6
[1] 7
[1] 8
[1] 9
[1] 10
[1] 11
[1] 12
[1] "Auto1"
[1] 1
[1] 2
[1] "PROCTER-G"
[1] "Dont have the link name included....please add it!"
[1] "TAKEDA"
[1] 1
[1] "BADENOCH"
[1] 1
[1] "IDNOW"
[1] 1
[1] 2
[1] 3
[1] "TRIVAGO"
[1] "IDEALO"
[1] "one more time,.."
[1] "one more time,.."
[1] "one more time,.."
[1] "CLOUDMADE"
[1] "BABBEL-ENGIN"
[1] "TOUR-RADAR"
[1] "SYNTERACT"
[1] "SIEMENS-DATA-SCIENCE"
[1] 1
[1] "JDA-SOFTWARE"
[1] 1
[1] "GROVER"
[1] "SIEGWERK"
[1] 1
[1] 2
[1] 3
[1] "CODECHECK"
[1] "PUBLICIS"
[1] "ABBOTT"
[1] 1
[1] 2
[1] 3
[1] 4
[1] 5
[1] 6
[1] 7
[1] 8
[1] 9
[1] 10
[1] 11
[1] 12
[1] 13
[1] "BIONTECH"
[1] "EEX"

Selenium message:Element is not currently visible and so may not be interacted with
Build info: version: '2.53.1', revision: 'a36b8b1', time: '2016-06-30 17:37:03'
System info: host: 'b0c071e51f69', ip: '172.17.0.2', os.name: 'Linux', os.arch: 'amd64', os.version: '4.15.0-1043-aws', java.version: '1.8.0_91'
Driver info: driver.version: unknown

[1] "switch to click2"
[1] 1

Selenium message:Element is not currently visible and so may not be interacted with
Build info: version: '2.53.1', revision: 'a36b8b1', time: '2016-06-30 17:37:03'
System info: host: 'b0c071e51f69', ip: '172.17.0.2', os.name: 'Linux', os.arch: 'amd64', os.version: '4.15.0-1043-aws', java.version: '1.8.0_91'
Driver info: driver.version: unknown

[1] "switch to click2"
[1] 2
[1] 3
[1] "SANOFI"
[1] "SPECTOS"
[1] "GBG-MANNHEIM"
[1] "AxelSpringer"
[1] 1
[1] 2
[1] "Deutsche-RUECK"
[1] "MODIS"
[1] 1
[1] "COFINPRO"
[1] "CAPGEMINI"
[1] 1
[1] "BND"
[1] "BLOOMBERG"
[1] 1
[1] 2
[1] "DATEV"
[1] 1
[1] "DIVA-E"
[1] 1
[1] "INVISION"

Selenium message:arguments[0].click is not a function
Build info: version: '2.53.1', revision: 'a36b8b1', time: '2016-06-30 17:37:03'
System info: host: 'b0c071e51f69', ip: '172.17.0.2', os.name: 'Linux', os.arch: 'amd64', os.version: '4.15.0-1043-aws', java.version: '1.8.0_91'
Driver info: driver.version: unknown

[1] "nr: 7"
<simpleError: 	 Summary: UnknownError
 	 Detail: An unknown server-side error occurred while processing the command.
 	 class: org.openqa.selenium.WebDriverException
	 Further Details: run errorDetails method>
[1] "CUNDA"
[1] 1
[1] 2
[1] "GRUENDERSZENE"
[1] "HARZKLINIKUM"
[1] "JOST"
[1] 1
[1] "SPARKASSE-DTLD"
[1] 1
[1] 2
[1] 3
[1] 4
[1] 5
[1] 6
[1] 7
[1] 8
[1] 9
[1] 10
[1] 11
[1] 12
[1] 13
[1] 14
[1] 15
[1] 16
[1] 17
[1] 18
[1] 19
[1] 20
[1] 21
[1] 22
[1] 23
[1] 24
[1] 25
[1] 26
[1] 27
[1] 28
[1] 29
[1] 30
[1] "MANUFACTUM"
[1] "MYTOYS"

Selenium message:Element is not currently visible and so may not be interacted with
Build info: version: '2.53.1', revision: 'a36b8b1', time: '2016-06-30 17:37:03'
System info: host: 'b0c071e51f69', ip: '172.17.0.2', os.name: 'Linux', os.arch: 'amd64', os.version: '4.15.0-1043-aws', java.version: '1.8.0_91'
Driver info: driver.version: unknown

[1] "switch to click2"
[1] 1
[1] 20
[1] 30
[1] 40
[1] 50
[1] 60
[1] 70
[1] 80

Selenium message:Element is not currently visible and so may not be interacted with
Build info: version: '2.53.1', revision: 'a36b8b1', time: '2016-06-30 17:37:03'
System info: host: 'b0c071e51f69', ip: '172.17.0.2', os.name: 'Linux', os.arch: 'amd64', os.version: '4.15.0-1043-aws', java.version: '1.8.0_91'
Driver info: driver.version: unknown

[1] "switch to click2"
[1] 84
[1] "HEINE"
[1] "CRATE-BARREL"
[1] 1
[1] 2
[1] 3
[1] 4
[1] 5
[1] 6
[1] 7
[1] 8
[1] 9
[1] 10
[1] 11
[1] 12
[1] 13
[1] 14
[1] 15
[1] 16
[1] 17
[1] 18
[1] 19
[1] 20
[1] 21
[1] 22
[1] 23
[1] 24
[1] 25
[1] 26
[1] 27
[1] 28
[1] 29
[1] 30
[1] 31
[1] 32
[1] "EOS"
[1] "no link to click"
[1] 1
[1] 10
[1] 15
[1] 20
[1] 25
[1] 30
[1] 35
[1] 40
[1] 45
[1] 50
[1] 55
[1] 60
[1] 65
[1] 70
[1] 75
[1] 80
[1] 85
[1] "no link to click"
[1] 87
[1] "FRANKONIA"
[1] "nr: 8"
<simpleError in iframes[[1]]: subscript out of bounds>
[1] "HERMES"
[1] 1
[1] 2
[1] 3
[1] 4
[1] 5
[1] 6
[1] 7
[1] 8
[1] 9
[1] 10
[1] 11
[1] 12
[1] 13
[1] 14
[1] 15
[1] 16
[1] 17
[1] 18
[1] 19
[1] 20
[1] 21
[1] "HOLIDAYCHECK-ITENG"
[1] "HOLIDAYCHECK-CONTCUST"
[1] "HOLIDAYCHECK-MARKBUSI"
[1] "HOLIDAYCHECK-OPEXC"
[1] "HOLIDAYCHECK-PRODDEV"
[1] "HOLIDAYCHECK-STUD"
[1] "HOLIDAYCHECK-POL"
[1] "HOLIDAYCHECK-SAL"
[1] "OSP"
[1] "OTTO-MEDIA"
[1] "PROJECT-A-ENGINEERING"
[1] "RISKIDENT"
[1] "SCHWAB"
[1] "SHOPPING24"
[1] "SOCIETY-GENERAL"
[1] 1
[1] "SPORTCHECK"
[1] 1
[1] 2
[1] "UNITO"
[1] "WITT"
[1] 1
[1] 2
[1] 3
[1] 4
[1] 5
[1] 6
[1] 7
[1] 8
[1] 9
[1] 10
[1] 11
[1] 12
[1] 13
[1] 14
[1] 15
[1] "HOCHTIEF"
[1] 1
[1] 2
[1] 3
[1] 4
[1] 5
[1] 6
[1] 7
[1] 8
[1] 9
[1] 10
[1] 11
[1] 12
[1] 13
[1] 14
[1] 15
[1] 16
[1] 17
[1] 18
[1] 19
[1] "LIMANGO"
[1] 1
[1] "MARKANT"
[1] 1
[1] 2
[1] "WEHRLE"
[1] "PD"
[1] "HVH"
[1] 1
[1] 2
[1] "COLLECT-AI"
[1] "ABOUT-YOU"
[1] 1
[1] 2
[1] 3
[1] 4
[1] 5
[1] 6
[1] 7
[1] 8
[1] 9
[1] 10
[1] 11
[1] 12
[1] 13
[1] 14
[1] "BAUR"
[1] "BONPRIX"
[1] 1
[1] 2
[1] 3
[1] 4
[1] 5
[1] 6
[1] 7
[1] "CB2"
[1] "nr: 9"
<simpleError in param$func(remDr): attempt to apply non-function>
[1] "BMW"
[1] 1
[1] 2
[1] 3
[1] 4
[1] 5
[1] 6
[1] 7
[1] 8
[1] 9
[1] 10
[1] 11
[1] 12
[1] 13
[1] 14
[1] 15
[1] 16
[1] 17
[1] 18
[1] 19
[1] 20
[1] 21
[1] 22
[1] 23
[1] 24
[1] "DILAX"
[1] "HUK-AUSSEN"
[1] "HUK-ZENTRALE"
[1] "PWC"
[1] 1
[1] 2
[1] 3
[1] 4
[1] 5
[1] 6
[1] "SILTRONIC"
[1] "AMG"

Selenium message:Unable to locate element: {"method":"xpath","selector":"//option[@value = 100]"}
For documentation on this error, please visit: http://seleniumhq.org/exceptions/no_such_element.html
Build info: version: '2.53.1', revision: 'a36b8b1', time: '2016-06-30 17:37:03'
System info: host: 'b0c071e51f69', ip: '172.17.0.2', os.name: 'Linux', os.arch: 'amd64', os.version: '4.15.0-1043-aws', java.version: '1.8.0_91'
Driver info: driver.version: unknown

[1] "nr: 10"
<simpleError: 	 Summary: NoSuchElement
 	 Detail: An element could not be located on the page using the given search parameters.
 	 class: org.openqa.selenium.NoSuchElementException
	 Further Details: run errorDetails method>
[1] "MAHLE"

Selenium message:Element is not currently visible and so may not be interacted with
Build info: version: '2.53.1', revision: 'a36b8b1', time: '2016-06-30 17:37:03'
System info: host: 'b0c071e51f69', ip: '172.17.0.2', os.name: 'Linux', os.arch: 'amd64', os.version: '4.15.0-1043-aws', java.version: '1.8.0_91'
Driver info: driver.version: unknown

[1] "nr: 11"
<simpleError: 	 Summary: ElementNotVisible
 	 Detail: An element command could not be completed because the element is not visible on the page.
 	 class: org.openqa.selenium.ElementNotVisibleException
	 Further Details: run errorDetails method>
[1] "VHV"
[1] 1
[1] 2
[1] 3
[1] 4
[1] 5
[1] 6
[1] 7
[1] 8
[1] 9
[1] "VBG"
[1] "TOP-IT"
[1] "TEAM-FACT"
[1] "STADTWERK-OSNABRÜCK"
[1] "SWISSLIFE"
[1] 1
[1] 2
[1] 3
[1] 4
[1] 5
[1] 6
[1] 7
[1] 8
[1] "SARACUS"
[1] "ROCHE-DTLD"
[1] 1
[1] 30
[1] 45
[1] 60
[1] 75
[1] 90
[1] 105
[1] 120
[1] 135
[1] 150
[1] "REHAU"
[1] 1
[1] 2
[1] 3
[1] 4
[1] "MEDPEX-TECH"
[1] "MEDPEX-MARK"
[1] "KAUFLAND-IT"
[1] 1
[1] "INOVEX"
[1] 1
[1] "FUCHS-DTLD"
[1] "FOCKE"
[1] 1
[1] 2
[1] "EVONIK"
[1] 1
[1] 2
[1] 3
[1] 4
[1] 5
[1] 6
[1] 7
[1] 8
[1] 9
[1] 10
[1] 11
[1] 12
[1] "EISENMANN"
[1] 1
[1] 2
[1] 3
[1] 4
[1] 5
[1] 6
[1] 7
[1] 8
[1] "CONCEPT"
[1] "CIMPA"
[1] 1
[1] "CID"
[1] "BOSCH"

Selenium message:Element is not clickable at point (1441.5, 11.833328247070312). Other element would receive the click: <div tabindex="-1" class="BoschPrivacySettingsV2__overlay"></div>
Command duration or timeout: 3.41 seconds
Build info: version: '2.53.1', revision: 'a36b8b1', time: '2016-06-30 17:37:03'
System info: host: 'b0c071e51f69', ip: '172.17.0.2', os.name: 'Linux', os.arch: 'amd64', os.version: '4.15.0-1043-aws', java.version: '1.8.0_91'
Driver info: org.openqa.selenium.firefox.FirefoxDriver
Capabilities [{applicationCacheEnabled=true, rotatable=false, handlesAlerts=true, databaseEnabled=true, version=45.0.2, platform=LINUX, nativeEvents=false, acceptSslCerts=true, webStorageEnabled=true, locationContextEnabled=true, browserName=firefox, takesScreenshot=true, javascriptEnabled=true, cssSelectorsEnabled=true}]
Session ID: 94969e3f-7b17-4004-9142-1fb9492e82b7

[1] "switch to click2"
[1] 1

Selenium message:Element is not clickable at point (1441.5, 1219.63330078125). Other element would receive the click: <div tabindex="-1" class="BoschPrivacySettingsV2__overlay"></div>
Command duration or timeout: 90 milliseconds
Build info: version: '2.53.1', revision: 'a36b8b1', time: '2016-06-30 17:37:03'
System info: host: 'b0c071e51f69', ip: '172.17.0.2', os.name: 'Linux', os.arch: 'amd64', os.version: '4.15.0-1043-aws', java.version: '1.8.0_91'
Driver info: org.openqa.selenium.firefox.FirefoxDriver
Capabilities [{applicationCacheEnabled=true, rotatable=false, handlesAlerts=true, databaseEnabled=true, version=45.0.2, platform=LINUX, nativeEvents=false, acceptSslCerts=true, webStorageEnabled=true, locationContextEnabled=true, browserName=firefox, takesScreenshot=true, javascriptEnabled=true, cssSelectorsEnabled=true}]
Session ID: 94969e3f-7b17-4004-9142-1fb9492e82b7

[1] "switch to click2"
[1] 18

Selenium message:Element is not clickable at point (1441.5, 2326.63330078125). Other element would receive the click: <div tabindex="-1" class="BoschPrivacySettingsV2__overlay"></div>
Command duration or timeout: 119 milliseconds
Build info: version: '2.53.1', revision: 'a36b8b1', time: '2016-06-30 17:37:03'
System info: host: 'b0c071e51f69', ip: '172.17.0.2', os.name: 'Linux', os.arch: 'amd64', os.version: '4.15.0-1043-aws', java.version: '1.8.0_91'
Driver info: org.openqa.selenium.firefox.FirefoxDriver
Capabilities [{applicationCacheEnabled=true, rotatable=false, handlesAlerts=true, databaseEnabled=true, version=45.0.2, platform=LINUX, nativeEvents=false, acceptSslCerts=true, webStorageEnabled=true, locationContextEnabled=true, browserName=firefox, takesScreenshot=true, javascriptEnabled=true, cssSelectorsEnabled=true}]
Session ID: 94969e3f-7b17-4004-9142-1fb9492e82b7

[1] "switch to click2"
[1] 27

Selenium message:Element is not clickable at point (1441.5, 11.633331298828125). Other element would receive the click: <div tabindex="-1" class="BoschPrivacySettingsV2__overlay"></div>
Command duration or timeout: 6.16 seconds
Build info: version: '2.53.1', revision: 'a36b8b1', time: '2016-06-30 17:37:03'
System info: host: 'b0c071e51f69', ip: '172.17.0.2', os.name: 'Linux', os.arch: 'amd64', os.version: '4.15.0-1043-aws', java.version: '1.8.0_91'
Driver info: org.openqa.selenium.firefox.FirefoxDriver
Capabilities [{applicationCacheEnabled=true, rotatable=false, handlesAlerts=true, databaseEnabled=true, version=45.0.2, platform=LINUX, nativeEvents=false, acceptSslCerts=true, webStorageEnabled=true, locationContextEnabled=true, browserName=firefox, takesScreenshot=true, javascriptEnabled=true, cssSelectorsEnabled=true}]
Session ID: 94969e3f-7b17-4004-9142-1fb9492e82b7

[1] "switch to click2"
[1] 36

Selenium message:Element is not clickable at point (1441.5, 1310.63330078125). Other element would receive the click: <div tabindex="-1" class="BoschPrivacySettingsV2__overlay"></div>
Command duration or timeout: 81 milliseconds
Build info: version: '2.53.1', revision: 'a36b8b1', time: '2016-06-30 17:37:03'
System info: host: 'b0c071e51f69', ip: '172.17.0.2', os.name: 'Linux', os.arch: 'amd64', os.version: '4.15.0-1043-aws', java.version: '1.8.0_91'
Driver info: org.openqa.selenium.firefox.FirefoxDriver
Capabilities [{applicationCacheEnabled=true, rotatable=false, handlesAlerts=true, databaseEnabled=true, version=45.0.2, platform=LINUX, nativeEvents=false, acceptSslCerts=true, webStorageEnabled=true, locationContextEnabled=true, browserName=firefox, takesScreenshot=true, javascriptEnabled=true, cssSelectorsEnabled=true}]
Session ID: 94969e3f-7b17-4004-9142-1fb9492e82b7

[1] "switch to click2"
[1] 45
[1] "no link to click"
[1] 50
[1] "BOSCH-ANALYTICS"

Selenium message:Element is not clickable at point (1441.5, 11.833328247070312). Other element would receive the click: <div tabindex="-1" class="BoschPrivacySettingsV2__overlay"></div>
Command duration or timeout: 4.62 seconds
Build info: version: '2.53.1', revision: 'a36b8b1', time: '2016-06-30 17:37:03'
System info: host: 'b0c071e51f69', ip: '172.17.0.2', os.name: 'Linux', os.arch: 'amd64', os.version: '4.15.0-1043-aws', java.version: '1.8.0_91'
Driver info: org.openqa.selenium.firefox.FirefoxDriver
Capabilities [{applicationCacheEnabled=true, rotatable=false, handlesAlerts=true, databaseEnabled=true, version=45.0.2, platform=LINUX, nativeEvents=false, acceptSslCerts=true, webStorageEnabled=true, locationContextEnabled=true, browserName=firefox, takesScreenshot=true, javascriptEnabled=true, cssSelectorsEnabled=true}]
Session ID: 94969e3f-7b17-4004-9142-1fb9492e82b7

[1] "switch to click2"
[1] 1

Selenium message:Element is not clickable at point (1441.5, 1219.63330078125). Other element would receive the click: <div tabindex="-1" class="BoschPrivacySettingsV2__overlay"></div>
Command duration or timeout: 126 milliseconds
Build info: version: '2.53.1', revision: 'a36b8b1', time: '2016-06-30 17:37:03'
System info: host: 'b0c071e51f69', ip: '172.17.0.2', os.name: 'Linux', os.arch: 'amd64', os.version: '4.15.0-1043-aws', java.version: '1.8.0_91'
Driver info: org.openqa.selenium.firefox.FirefoxDriver
Capabilities [{applicationCacheEnabled=true, rotatable=false, handlesAlerts=true, databaseEnabled=true, version=45.0.2, platform=LINUX, nativeEvents=false, acceptSslCerts=true, webStorageEnabled=true, locationContextEnabled=true, browserName=firefox, takesScreenshot=true, javascriptEnabled=true, cssSelectorsEnabled=true}]
Session ID: 94969e3f-7b17-4004-9142-1fb9492e82b7

[1] "switch to click2"
[1] 18

Selenium message:Element is not clickable at point (1441.5, 2326.63330078125). Other element would receive the click: <div tabindex="-1" class="BoschPrivacySettingsV2__overlay"></div>
Command duration or timeout: 744 milliseconds
Build info: version: '2.53.1', revision: 'a36b8b1', time: '2016-06-30 17:37:03'
System info: host: 'b0c071e51f69', ip: '172.17.0.2', os.name: 'Linux', os.arch: 'amd64', os.version: '4.15.0-1043-aws', java.version: '1.8.0_91'
Driver info: org.openqa.selenium.firefox.FirefoxDriver
Capabilities [{applicationCacheEnabled=true, rotatable=false, handlesAlerts=true, databaseEnabled=true, version=45.0.2, platform=LINUX, nativeEvents=false, acceptSslCerts=true, webStorageEnabled=true, locationContextEnabled=true, browserName=firefox, takesScreenshot=true, javascriptEnabled=true, cssSelectorsEnabled=true}]
Session ID: 94969e3f-7b17-4004-9142-1fb9492e82b7

[1] "switch to click2"
[1] 27

Selenium message:Element is not clickable at point (1441.5, 11.633331298828125). Other element would receive the click: <div tabindex="-1" class="BoschPrivacySettingsV2__overlay"></div>
Command duration or timeout: 6.59 seconds
Build info: version: '2.53.1', revision: 'a36b8b1', time: '2016-06-30 17:37:03'
System info: host: 'b0c071e51f69', ip: '172.17.0.2', os.name: 'Linux', os.arch: 'amd64', os.version: '4.15.0-1043-aws', java.version: '1.8.0_91'
Driver info: org.openqa.selenium.firefox.FirefoxDriver
Capabilities [{applicationCacheEnabled=true, rotatable=false, handlesAlerts=true, databaseEnabled=true, version=45.0.2, platform=LINUX, nativeEvents=false, acceptSslCerts=true, webStorageEnabled=true, locationContextEnabled=true, browserName=firefox, takesScreenshot=true, javascriptEnabled=true, cssSelectorsEnabled=true}]
Session ID: 94969e3f-7b17-4004-9142-1fb9492e82b7

[1] "switch to click2"
[1] 36

Selenium message:Element is not clickable at point (1441.5, 1310.63330078125). Other element would receive the click: <div tabindex="-1" class="BoschPrivacySettingsV2__overlay"></div>
Command duration or timeout: 76 milliseconds
Build info: version: '2.53.1', revision: 'a36b8b1', time: '2016-06-30 17:37:03'
System info: host: 'b0c071e51f69', ip: '172.17.0.2', os.name: 'Linux', os.arch: 'amd64', os.version: '4.15.0-1043-aws', java.version: '1.8.0_91'
Driver info: org.openqa.selenium.firefox.FirefoxDriver
Capabilities [{applicationCacheEnabled=true, rotatable=false, handlesAlerts=true, databaseEnabled=true, version=45.0.2, platform=LINUX, nativeEvents=false, acceptSslCerts=true, webStorageEnabled=true, locationContextEnabled=true, browserName=firefox, takesScreenshot=true, javascriptEnabled=true, cssSelectorsEnabled=true}]
Session ID: 94969e3f-7b17-4004-9142-1fb9492e82b7

[1] "switch to click2"
[1] 45
[1] "no link to click"
[1] 50
[1] "BOERSE-STUTTGART"
[1] "APOBANK"
[1] 1
[1] 2
[1] 3
[1] 4
[1] 5
[1] 6
[1] 7
[1] 8
[1] 9
[1] "IMPLICO"
[1] "21-SPORTS"
[1] 1
[1] 2
[1] 3
[1] "ALPENVEREIN"
[1] 1
[1] 2
[1] 3
[1] 4
[1] 5
[1] "APTIV"

Selenium message:Element is not clickable at point (1623.4833984375, 2829). Other element would receive the click: <div style="z-index: 7000; display: block;" id="optanon-popup-bg"></div>
Command duration or timeout: 67 milliseconds
Build info: version: '2.53.1', revision: 'a36b8b1', time: '2016-06-30 17:37:03'
System info: host: 'b0c071e51f69', ip: '172.17.0.2', os.name: 'Linux', os.arch: 'amd64', os.version: '4.15.0-1043-aws', java.version: '1.8.0_91'
Driver info: org.openqa.selenium.firefox.FirefoxDriver
Capabilities [{applicationCacheEnabled=true, rotatable=false, handlesAlerts=true, databaseEnabled=true, version=45.0.2, platform=LINUX, nativeEvents=false, acceptSslCerts=true, webStorageEnabled=true, locationContextEnabled=true, browserName=firefox, takesScreenshot=true, javascriptEnabled=true, cssSelectorsEnabled=true}]
Session ID: 94969e3f-7b17-4004-9142-1fb9492e82b7

[1] "switch to click2"
[1] 1

Selenium message:Element is not clickable at point (1638.4833984375, 2800). Other element would receive the click: <div style="z-index: 7000; display: block;" id="optanon-popup-bg"></div>
Command duration or timeout: 63 milliseconds
Build info: version: '2.53.1', revision: 'a36b8b1', time: '2016-06-30 17:37:03'
System info: host: 'b0c071e51f69', ip: '172.17.0.2', os.name: 'Linux', os.arch: 'amd64', os.version: '4.15.0-1043-aws', java.version: '1.8.0_91'
Driver info: org.openqa.selenium.firefox.FirefoxDriver
Capabilities [{applicationCacheEnabled=true, rotatable=false, handlesAlerts=true, databaseEnabled=true, version=45.0.2, platform=LINUX, nativeEvents=false, acceptSslCerts=true, webStorageEnabled=true, locationContextEnabled=true, browserName=firefox, takesScreenshot=true, javascriptEnabled=true, cssSelectorsEnabled=true}]
Session ID: 94969e3f-7b17-4004-9142-1fb9492e82b7

[1] "switch to click2"
[1] 2

Selenium message:Element is not clickable at point (1653.4833984375, 2829). Other element would receive the click: <div style="z-index: 7000; display: block;" id="optanon-popup-bg"></div>
Command duration or timeout: 87 milliseconds
Build info: version: '2.53.1', revision: 'a36b8b1', time: '2016-06-30 17:37:03'
System info: host: 'b0c071e51f69', ip: '172.17.0.2', os.name: 'Linux', os.arch: 'amd64', os.version: '4.15.0-1043-aws', java.version: '1.8.0_91'
Driver info: org.openqa.selenium.firefox.FirefoxDriver
Capabilities [{applicationCacheEnabled=true, rotatable=false, handlesAlerts=true, databaseEnabled=true, version=45.0.2, platform=LINUX, nativeEvents=false, acceptSslCerts=true, webStorageEnabled=true, locationContextEnabled=true, browserName=firefox, takesScreenshot=true, javascriptEnabled=true, cssSelectorsEnabled=true}]
Session ID: 94969e3f-7b17-4004-9142-1fb9492e82b7

[1] "switch to click2"
[1] 3

Selenium message:Element is not clickable at point (1668.9833984375, 2829). Other element would receive the click: <div style="z-index: 7000; display: block;" id="optanon-popup-bg"></div>
Command duration or timeout: 61 milliseconds
Build info: version: '2.53.1', revision: 'a36b8b1', time: '2016-06-30 17:37:03'
System info: host: 'b0c071e51f69', ip: '172.17.0.2', os.name: 'Linux', os.arch: 'amd64', os.version: '4.15.0-1043-aws', java.version: '1.8.0_91'
Driver info: org.openqa.selenium.firefox.FirefoxDriver
Capabilities [{applicationCacheEnabled=true, rotatable=false, handlesAlerts=true, databaseEnabled=true, version=45.0.2, platform=LINUX, nativeEvents=false, acceptSslCerts=true, webStorageEnabled=true, locationContextEnabled=true, browserName=firefox, takesScreenshot=true, javascriptEnabled=true, cssSelectorsEnabled=true}]
Session ID: 94969e3f-7b17-4004-9142-1fb9492e82b7

[1] "switch to click2"
[1] 4

Selenium message:Element is not clickable at point (1684.4833984375, 2800). Other element would receive the click: <div style="z-index: 7000; display: block;" id="optanon-popup-bg"></div>
Command duration or timeout: 79 milliseconds
Build info: version: '2.53.1', revision: 'a36b8b1', time: '2016-06-30 17:37:03'
System info: host: 'b0c071e51f69', ip: '172.17.0.2', os.name: 'Linux', os.arch: 'amd64', os.version: '4.15.0-1043-aws', java.version: '1.8.0_91'
Driver info: org.openqa.selenium.firefox.FirefoxDriver
Capabilities [{applicationCacheEnabled=true, rotatable=false, handlesAlerts=true, databaseEnabled=true, version=45.0.2, platform=LINUX, nativeEvents=false, acceptSslCerts=true, webStorageEnabled=true, locationContextEnabled=true, browserName=firefox, takesScreenshot=true, javascriptEnabled=true, cssSelectorsEnabled=true}]
Session ID: 94969e3f-7b17-4004-9142-1fb9492e82b7

[1] "switch to click2"
[1] 5

Selenium message:Element is not clickable at point (1674.4833984375, 2800). Other element would receive the click: <div style="z-index: 7000; display: block;" id="optanon-popup-bg"></div>
Command duration or timeout: 62 milliseconds
Build info: version: '2.53.1', revision: 'a36b8b1', time: '2016-06-30 17:37:03'
System info: host: 'b0c071e51f69', ip: '172.17.0.2', os.name: 'Linux', os.arch: 'amd64', os.version: '4.15.0-1043-aws', java.version: '1.8.0_91'
Driver info: org.openqa.selenium.firefox.FirefoxDriver
Capabilities [{applicationCacheEnabled=true, rotatable=false, handlesAlerts=true, databaseEnabled=true, version=45.0.2, platform=LINUX, nativeEvents=false, acceptSslCerts=true, webStorageEnabled=true, locationContextEnabled=true, browserName=firefox, takesScreenshot=true, javascriptEnabled=true, cssSelectorsEnabled=true}]
Session ID: 94969e3f-7b17-4004-9142-1fb9492e82b7

[1] "switch to click2"
[1] 6

Selenium message:Element is not clickable at point (1674.4833984375, 2800). Other element would receive the click: <div style="z-index: 7000; display: block;" id="optanon-popup-bg"></div>
Command duration or timeout: 61 milliseconds
Build info: version: '2.53.1', revision: 'a36b8b1', time: '2016-06-30 17:37:03'
System info: host: 'b0c071e51f69', ip: '172.17.0.2', os.name: 'Linux', os.arch: 'amd64', os.version: '4.15.0-1043-aws', java.version: '1.8.0_91'
Driver info: org.openqa.selenium.firefox.FirefoxDriver
Capabilities [{applicationCacheEnabled=true, rotatable=false, handlesAlerts=true, databaseEnabled=true, version=45.0.2, platform=LINUX, nativeEvents=false, acceptSslCerts=true, webStorageEnabled=true, locationContextEnabled=true, browserName=firefox, takesScreenshot=true, javascriptEnabled=true, cssSelectorsEnabled=true}]
Session ID: 94969e3f-7b17-4004-9142-1fb9492e82b7

[1] "switch to click2"
[1] 7

Selenium message:Element is not clickable at point (1669.4833984375, 2858). Other element would receive the click: <div style="z-index: 7000; display: block;" id="optanon-popup-bg"></div>
Command duration or timeout: 62 milliseconds
Build info: version: '2.53.1', revision: 'a36b8b1', time: '2016-06-30 17:37:03'
System info: host: 'b0c071e51f69', ip: '172.17.0.2', os.name: 'Linux', os.arch: 'amd64', os.version: '4.15.0-1043-aws', java.version: '1.8.0_91'
Driver info: org.openqa.selenium.firefox.FirefoxDriver
Capabilities [{applicationCacheEnabled=true, rotatable=false, handlesAlerts=true, databaseEnabled=true, version=45.0.2, platform=LINUX, nativeEvents=false, acceptSslCerts=true, webStorageEnabled=true, locationContextEnabled=true, browserName=firefox, takesScreenshot=true, javascriptEnabled=true, cssSelectorsEnabled=true}]
Session ID: 94969e3f-7b17-4004-9142-1fb9492e82b7

[1] "switch to click2"
[1] 8

Selenium message:Element is not clickable at point (1670.4833984375, 2800). Other element would receive the click: <div style="z-index: 7000; display: block;" id="optanon-popup-bg"></div>
Command duration or timeout: 65 milliseconds
Build info: version: '2.53.1', revision: 'a36b8b1', time: '2016-06-30 17:37:03'
System info: host: 'b0c071e51f69', ip: '172.17.0.2', os.name: 'Linux', os.arch: 'amd64', os.version: '4.15.0-1043-aws', java.version: '1.8.0_91'
Driver info: org.openqa.selenium.firefox.FirefoxDriver
Capabilities [{applicationCacheEnabled=true, rotatable=false, handlesAlerts=true, databaseEnabled=true, version=45.0.2, platform=LINUX, nativeEvents=false, acceptSslCerts=true, webStorageEnabled=true, locationContextEnabled=true, browserName=firefox, takesScreenshot=true, javascriptEnabled=true, cssSelectorsEnabled=true}]
Session ID: 94969e3f-7b17-4004-9142-1fb9492e82b7

[1] "switch to click2"
[1] 9

Selenium message:Element is not clickable at point (1674.9833984375, 2800). Other element would receive the click: <div style="z-index: 7000; display: block;" id="optanon-popup-bg"></div>
Command duration or timeout: 60 milliseconds
Build info: version: '2.53.1', revision: 'a36b8b1', time: '2016-06-30 17:37:03'
System info: host: 'b0c071e51f69', ip: '172.17.0.2', os.name: 'Linux', os.arch: 'amd64', os.version: '4.15.0-1043-aws', java.version: '1.8.0_91'
Driver info: org.openqa.selenium.firefox.FirefoxDriver
Capabilities [{applicationCacheEnabled=true, rotatable=false, handlesAlerts=true, databaseEnabled=true, version=45.0.2, platform=LINUX, nativeEvents=false, acceptSslCerts=true, webStorageEnabled=true, locationContextEnabled=true, browserName=firefox, takesScreenshot=true, javascriptEnabled=true, cssSelectorsEnabled=true}]
Session ID: 94969e3f-7b17-4004-9142-1fb9492e82b7

[1] "switch to click2"
[1] 10

Selenium message:Element is not clickable at point (1678.4833984375, 2800). Other element would receive the click: <div style="z-index: 7000; display: block;" id="optanon-popup-bg"></div>
Command duration or timeout: 81 milliseconds
Build info: version: '2.53.1', revision: 'a36b8b1', time: '2016-06-30 17:37:03'
System info: host: 'b0c071e51f69', ip: '172.17.0.2', os.name: 'Linux', os.arch: 'amd64', os.version: '4.15.0-1043-aws', java.version: '1.8.0_91'
Driver info: org.openqa.selenium.firefox.FirefoxDriver
Capabilities [{applicationCacheEnabled=true, rotatable=false, handlesAlerts=true, databaseEnabled=true, version=45.0.2, platform=LINUX, nativeEvents=false, acceptSslCerts=true, webStorageEnabled=true, locationContextEnabled=true, browserName=firefox, takesScreenshot=true, javascriptEnabled=true, cssSelectorsEnabled=true}]
Session ID: 94969e3f-7b17-4004-9142-1fb9492e82b7

[1] "switch to click2"
[1] 11

Selenium message:Element is not clickable at point (1682.9833984375, 2800). Other element would receive the click: <div style="z-index: 7000; display: block;" id="optanon-popup-bg"></div>
Command duration or timeout: 67 milliseconds
Build info: version: '2.53.1', revision: 'a36b8b1', time: '2016-06-30 17:37:03'
System info: host: 'b0c071e51f69', ip: '172.17.0.2', os.name: 'Linux', os.arch: 'amd64', os.version: '4.15.0-1043-aws', java.version: '1.8.0_91'
Driver info: org.openqa.selenium.firefox.FirefoxDriver
Capabilities [{applicationCacheEnabled=true, rotatable=false, handlesAlerts=true, databaseEnabled=true, version=45.0.2, platform=LINUX, nativeEvents=false, acceptSslCerts=true, webStorageEnabled=true, locationContextEnabled=true, browserName=firefox, takesScreenshot=true, javascriptEnabled=true, cssSelectorsEnabled=true}]
Session ID: 94969e3f-7b17-4004-9142-1fb9492e82b7

[1] "switch to click2"
[1] 12

Selenium message:Element is not clickable at point (1682.4833984375, 2800). Other element would receive the click: <div style="z-index: 7000; display: block;" id="optanon-popup-bg"></div>
Command duration or timeout: 61 milliseconds
Build info: version: '2.53.1', revision: 'a36b8b1', time: '2016-06-30 17:37:03'
System info: host: 'b0c071e51f69', ip: '172.17.0.2', os.name: 'Linux', os.arch: 'amd64', os.version: '4.15.0-1043-aws', java.version: '1.8.0_91'
Driver info: org.openqa.selenium.firefox.FirefoxDriver
Capabilities [{applicationCacheEnabled=true, rotatable=false, handlesAlerts=true, databaseEnabled=true, version=45.0.2, platform=LINUX, nativeEvents=false, acceptSslCerts=true, webStorageEnabled=true, locationContextEnabled=true, browserName=firefox, takesScreenshot=true, javascriptEnabled=true, cssSelectorsEnabled=true}]
Session ID: 94969e3f-7b17-4004-9142-1fb9492e82b7

[1] "switch to click2"
[1] 13

Selenium message:Element is not clickable at point (1683.4833984375, 2800). Other element would receive the click: <div style="z-index: 7000; display: block;" id="optanon-popup-bg"></div>
Command duration or timeout: 63 milliseconds
Build info: version: '2.53.1', revision: 'a36b8b1', time: '2016-06-30 17:37:03'
System info: host: 'b0c071e51f69', ip: '172.17.0.2', os.name: 'Linux', os.arch: 'amd64', os.version: '4.15.0-1043-aws', java.version: '1.8.0_91'
Driver info: org.openqa.selenium.firefox.FirefoxDriver
Capabilities [{applicationCacheEnabled=true, rotatable=false, handlesAlerts=true, databaseEnabled=true, version=45.0.2, platform=LINUX, nativeEvents=false, acceptSslCerts=true, webStorageEnabled=true, locationContextEnabled=true, browserName=firefox, takesScreenshot=true, javascriptEnabled=true, cssSelectorsEnabled=true}]
Session ID: 94969e3f-7b17-4004-9142-1fb9492e82b7

[1] "switch to click2"
[1] 14

Selenium message:Element is not clickable at point (1683.9833984375, 2800). Other element would receive the click: <div style="z-index: 7000; display: block;" id="optanon-popup-bg"></div>
Command duration or timeout: 61 milliseconds
Build info: version: '2.53.1', revision: 'a36b8b1', time: '2016-06-30 17:37:03'
System info: host: 'b0c071e51f69', ip: '172.17.0.2', os.name: 'Linux', os.arch: 'amd64', os.version: '4.15.0-1043-aws', java.version: '1.8.0_91'
Driver info: org.openqa.selenium.firefox.FirefoxDriver
Capabilities [{applicationCacheEnabled=true, rotatable=false, handlesAlerts=true, databaseEnabled=true, version=45.0.2, platform=LINUX, nativeEvents=false, acceptSslCerts=true, webStorageEnabled=true, locationContextEnabled=true, browserName=firefox, takesScreenshot=true, javascriptEnabled=true, cssSelectorsEnabled=true}]
Session ID: 94969e3f-7b17-4004-9142-1fb9492e82b7

[1] "switch to click2"
[1] 15

Selenium message:Element is not clickable at point (1683.9833984375, 2800). Other element would receive the click: <div style="z-index: 7000; display: block;" id="optanon-popup-bg"></div>
Command duration or timeout: 70 milliseconds
Build info: version: '2.53.1', revision: 'a36b8b1', time: '2016-06-30 17:37:03'
System info: host: 'b0c071e51f69', ip: '172.17.0.2', os.name: 'Linux', os.arch: 'amd64', os.version: '4.15.0-1043-aws', java.version: '1.8.0_91'
Driver info: org.openqa.selenium.firefox.FirefoxDriver
Capabilities [{applicationCacheEnabled=true, rotatable=false, handlesAlerts=true, databaseEnabled=true, version=45.0.2, platform=LINUX, nativeEvents=false, acceptSslCerts=true, webStorageEnabled=true, locationContextEnabled=true, browserName=firefox, takesScreenshot=true, javascriptEnabled=true, cssSelectorsEnabled=true}]
Session ID: 94969e3f-7b17-4004-9142-1fb9492e82b7

[1] "switch to click2"
[1] 16

Selenium message:Element is not clickable at point (1682.9833984375, 2800). Other element would receive the click: <div style="z-index: 7000; display: block;" id="optanon-popup-bg"></div>
Command duration or timeout: 61 milliseconds
Build info: version: '2.53.1', revision: 'a36b8b1', time: '2016-06-30 17:37:03'
System info: host: 'b0c071e51f69', ip: '172.17.0.2', os.name: 'Linux', os.arch: 'amd64', os.version: '4.15.0-1043-aws', java.version: '1.8.0_91'
Driver info: org.openqa.selenium.firefox.FirefoxDriver
Capabilities [{applicationCacheEnabled=true, rotatable=false, handlesAlerts=true, databaseEnabled=true, version=45.0.2, platform=LINUX, nativeEvents=false, acceptSslCerts=true, webStorageEnabled=true, locationContextEnabled=true, browserName=firefox, takesScreenshot=true, javascriptEnabled=true, cssSelectorsEnabled=true}]
Session ID: 94969e3f-7b17-4004-9142-1fb9492e82b7

[1] "switch to click2"
[1] 17

Selenium message:Element is not clickable at point (1681.9833984375, 2829). Other element would receive the click: <div style="z-index: 7000; display: block;" id="optanon-popup-bg"></div>
Command duration or timeout: 61 milliseconds
Build info: version: '2.53.1', revision: 'a36b8b1', time: '2016-06-30 17:37:03'
System info: host: 'b0c071e51f69', ip: '172.17.0.2', os.name: 'Linux', os.arch: 'amd64', os.version: '4.15.0-1043-aws', java.version: '1.8.0_91'
Driver info: org.openqa.selenium.firefox.FirefoxDriver
Capabilities [{applicationCacheEnabled=true, rotatable=false, handlesAlerts=true, databaseEnabled=true, version=45.0.2, platform=LINUX, nativeEvents=false, acceptSslCerts=true, webStorageEnabled=true, locationContextEnabled=true, browserName=firefox, takesScreenshot=true, javascriptEnabled=true, cssSelectorsEnabled=true}]
Session ID: 94969e3f-7b17-4004-9142-1fb9492e82b7

[1] "switch to click2"
[1] 18

Selenium message:Element is not clickable at point (1682.9833984375, 2829). Other element would receive the click: <div style="z-index: 7000; display: block;" id="optanon-popup-bg"></div>
Command duration or timeout: 64 milliseconds
Build info: version: '2.53.1', revision: 'a36b8b1', time: '2016-06-30 17:37:03'
System info: host: 'b0c071e51f69', ip: '172.17.0.2', os.name: 'Linux', os.arch: 'amd64', os.version: '4.15.0-1043-aws', java.version: '1.8.0_91'
Driver info: org.openqa.selenium.firefox.FirefoxDriver
Capabilities [{applicationCacheEnabled=true, rotatable=false, handlesAlerts=true, databaseEnabled=true, version=45.0.2, platform=LINUX, nativeEvents=false, acceptSslCerts=true, webStorageEnabled=true, locationContextEnabled=true, browserName=firefox, takesScreenshot=true, javascriptEnabled=true, cssSelectorsEnabled=true}]
Session ID: 94969e3f-7b17-4004-9142-1fb9492e82b7

[1] "switch to click2"
[1] 19

Selenium message:Element is not clickable at point (1683.4833984375, 2858). Other element would receive the click: <div style="z-index: 7000; display: block;" id="optanon-popup-bg"></div>
Command duration or timeout: 60 milliseconds
Build info: version: '2.53.1', revision: 'a36b8b1', time: '2016-06-30 17:37:03'
System info: host: 'b0c071e51f69', ip: '172.17.0.2', os.name: 'Linux', os.arch: 'amd64', os.version: '4.15.0-1043-aws', java.version: '1.8.0_91'
Driver info: org.openqa.selenium.firefox.FirefoxDriver
Capabilities [{applicationCacheEnabled=true, rotatable=false, handlesAlerts=true, databaseEnabled=true, version=45.0.2, platform=LINUX, nativeEvents=false, acceptSslCerts=true, webStorageEnabled=true, locationContextEnabled=true, browserName=firefox, takesScreenshot=true, javascriptEnabled=true, cssSelectorsEnabled=true}]
Session ID: 94969e3f-7b17-4004-9142-1fb9492e82b7

[1] "switch to click2"
[1] 20

Selenium message:Element is not clickable at point (1683.9833984375, 3032). Other element would receive the click: <div style="z-index: 7000; display: block;" id="optanon-popup-bg"></div>
Command duration or timeout: 67 milliseconds
Build info: version: '2.53.1', revision: 'a36b8b1', time: '2016-06-30 17:37:03'
System info: host: 'b0c071e51f69', ip: '172.17.0.2', os.name: 'Linux', os.arch: 'amd64', os.version: '4.15.0-1043-aws', java.version: '1.8.0_91'
Driver info: org.openqa.selenium.firefox.FirefoxDriver
Capabilities [{applicationCacheEnabled=true, rotatable=false, handlesAlerts=true, databaseEnabled=true, version=45.0.2, platform=LINUX, nativeEvents=false, acceptSslCerts=true, webStorageEnabled=true, locationContextEnabled=true, browserName=firefox, takesScreenshot=true, javascriptEnabled=true, cssSelectorsEnabled=true}]
Session ID: 94969e3f-7b17-4004-9142-1fb9492e82b7

[1] "switch to click2"
[1] 21

Selenium message:Element is not clickable at point (1684.4833984375, 2800). Other element would receive the click: <div style="z-index: 7000; display: block;" id="optanon-popup-bg"></div>
Command duration or timeout: 62 milliseconds
Build info: version: '2.53.1', revision: 'a36b8b1', time: '2016-06-30 17:37:03'
System info: host: 'b0c071e51f69', ip: '172.17.0.2', os.name: 'Linux', os.arch: 'amd64', os.version: '4.15.0-1043-aws', java.version: '1.8.0_91'
Driver info: org.openqa.selenium.firefox.FirefoxDriver
Capabilities [{applicationCacheEnabled=true, rotatable=false, handlesAlerts=true, databaseEnabled=true, version=45.0.2, platform=LINUX, nativeEvents=false, acceptSslCerts=true, webStorageEnabled=true, locationContextEnabled=true, browserName=firefox, takesScreenshot=true, javascriptEnabled=true, cssSelectorsEnabled=true}]
Session ID: 94969e3f-7b17-4004-9142-1fb9492e82b7

[1] "switch to click2"
[1] 22

Selenium message:Element is not clickable at point (1683.9833984375, 2829). Other element would receive the click: <div style="z-index: 7000; display: block;" id="optanon-popup-bg"></div>
Command duration or timeout: 67 milliseconds
Build info: version: '2.53.1', revision: 'a36b8b1', time: '2016-06-30 17:37:03'
System info: host: 'b0c071e51f69', ip: '172.17.0.2', os.name: 'Linux', os.arch: 'amd64', os.version: '4.15.0-1043-aws', java.version: '1.8.0_91'
Driver info: org.openqa.selenium.firefox.FirefoxDriver
Capabilities [{applicationCacheEnabled=true, rotatable=false, handlesAlerts=true, databaseEnabled=true, version=45.0.2, platform=LINUX, nativeEvents=false, acceptSslCerts=true, webStorageEnabled=true, locationContextEnabled=true, browserName=firefox, takesScreenshot=true, javascriptEnabled=true, cssSelectorsEnabled=true}]
Session ID: 94969e3f-7b17-4004-9142-1fb9492e82b7

[1] "switch to click2"
[1] 23

Selenium message:Element is not clickable at point (1671.4833984375, 2858). Other element would receive the click: <div style="z-index: 7000; display: block;" id="optanon-popup-bg"></div>
Command duration or timeout: 61 milliseconds
Build info: version: '2.53.1', revision: 'a36b8b1', time: '2016-06-30 17:37:03'
System info: host: 'b0c071e51f69', ip: '172.17.0.2', os.name: 'Linux', os.arch: 'amd64', os.version: '4.15.0-1043-aws', java.version: '1.8.0_91'
Driver info: org.openqa.selenium.firefox.FirefoxDriver
Capabilities [{applicationCacheEnabled=true, rotatable=false, handlesAlerts=true, databaseEnabled=true, version=45.0.2, platform=LINUX, nativeEvents=false, acceptSslCerts=true, webStorageEnabled=true, locationContextEnabled=true, browserName=firefox, takesScreenshot=true, javascriptEnabled=true, cssSelectorsEnabled=true}]
Session ID: 94969e3f-7b17-4004-9142-1fb9492e82b7

[1] "switch to click2"
[1] 24

Selenium message:Element is not clickable at point (1691.4833984375, 2800). Other element would receive the click: <div style="z-index: 7000; display: block;" id="optanon-popup-bg"></div>
Command duration or timeout: 65 milliseconds
Build info: version: '2.53.1', revision: 'a36b8b1', time: '2016-06-30 17:37:03'
System info: host: 'b0c071e51f69', ip: '172.17.0.2', os.name: 'Linux', os.arch: 'amd64', os.version: '4.15.0-1043-aws', java.version: '1.8.0_91'
Driver info: org.openqa.selenium.firefox.FirefoxDriver
Capabilities [{applicationCacheEnabled=true, rotatable=false, handlesAlerts=true, databaseEnabled=true, version=45.0.2, platform=LINUX, nativeEvents=false, acceptSslCerts=true, webStorageEnabled=true, locationContextEnabled=true, browserName=firefox, takesScreenshot=true, javascriptEnabled=true, cssSelectorsEnabled=true}]
Session ID: 94969e3f-7b17-4004-9142-1fb9492e82b7

[1] "switch to click2"
[1] 25

Selenium message:Element is not clickable at point (1710.4833984375, 2800). Other element would receive the click: <div style="z-index: 7000; display: block;" id="optanon-popup-bg"></div>
Command duration or timeout: 64 milliseconds
Build info: version: '2.53.1', revision: 'a36b8b1', time: '2016-06-30 17:37:03'
System info: host: 'b0c071e51f69', ip: '172.17.0.2', os.name: 'Linux', os.arch: 'amd64', os.version: '4.15.0-1043-aws', java.version: '1.8.0_91'
Driver info: org.openqa.selenium.firefox.FirefoxDriver
Capabilities [{applicationCacheEnabled=true, rotatable=false, handlesAlerts=true, databaseEnabled=true, version=45.0.2, platform=LINUX, nativeEvents=false, acceptSslCerts=true, webStorageEnabled=true, locationContextEnabled=true, browserName=firefox, takesScreenshot=true, javascriptEnabled=true, cssSelectorsEnabled=true}]
Session ID: 94969e3f-7b17-4004-9142-1fb9492e82b7

[1] "switch to click2"
[1] 26

Selenium message:Element is not clickable at point (1730.4833984375, 2887). Other element would receive the click: <div style="z-index: 7000; display: block;" id="optanon-popup-bg"></div>
Command duration or timeout: 60 milliseconds
Build info: version: '2.53.1', revision: 'a36b8b1', time: '2016-06-30 17:37:03'
System info: host: 'b0c071e51f69', ip: '172.17.0.2', os.name: 'Linux', os.arch: 'amd64', os.version: '4.15.0-1043-aws', java.version: '1.8.0_91'
Driver info: org.openqa.selenium.firefox.FirefoxDriver
Capabilities [{applicationCacheEnabled=true, rotatable=false, handlesAlerts=true, databaseEnabled=true, version=45.0.2, platform=LINUX, nativeEvents=false, acceptSslCerts=true, webStorageEnabled=true, locationContextEnabled=true, browserName=firefox, takesScreenshot=true, javascriptEnabled=true, cssSelectorsEnabled=true}]
Session ID: 94969e3f-7b17-4004-9142-1fb9492e82b7

[1] "switch to click2"
[1] 27
[1] 28
[1] "ARAG"
[1] "AUDI"
[1] "no link to click"
[1] 1
[1] 20
[1] 40
[1] 60
[1] 80
[1] 100
[1] 120
[1] 140
[1] 160
[1] 180
[1] 200
[1] 220
[1] 240
[1] 260
[1] 280
[1] 300
[1] 320
[1] 340
[1] 360
[1] 380
[1] 400
[1] 420

Selenium message:Element is not currently visible and so may not be interacted with
Build info: version: '2.53.1', revision: 'a36b8b1', time: '2016-06-30 17:37:03'
System info: host: 'b0c071e51f69', ip: '172.17.0.2', os.name: 'Linux', os.arch: 'amd64', os.version: '4.15.0-1043-aws', java.version: '1.8.0_91'
Driver info: driver.version: unknown

[1] "switch to click2"
[1] 429
[1] "BIOTRONIK"

Selenium message:Unable to locate element: {"method":"xpath","selector":"//option[@value = 150]"}
For documentation on this error, please visit: http://seleniumhq.org/exceptions/no_such_element.html
Build info: version: '2.53.1', revision: 'a36b8b1', time: '2016-06-30 17:37:03'
System info: host: 'b0c071e51f69', ip: '172.17.0.2', os.name: 'Linux', os.arch: 'amd64', os.version: '4.15.0-1043-aws', java.version: '1.8.0_91'
Driver info: driver.version: unknown

[1] "nr: 12"
<simpleError: 	 Summary: NoSuchElement
 	 Detail: An element could not be located on the page using the given search parameters.
 	 class: org.openqa.selenium.NoSuchElementException
	 Further Details: run errorDetails method>
[1] "DELOITTE-DATA"
[1] 1
[1] 2
[1] 3
[1] 4
[1] 5
[1] 6
[1] 7
[1] 8
[1] 9
[1] 10
[1] 11
[1] 12
[1] 13
[1] 14
[1] 15
[1] 16
[1] 17
[1] 18
[1] 19
[1] 20
[1] "DZ-PRIVATBANK"
[1] "FERCHAU-DATA-SCIENCE"
[1] 1
[1] 20
[1] 30
[1] 40
[1] 50
[1] 60
[1] "no link to click"
[1] 61
[1] "GASTROLINE"
[1] 1
[1] 2
[1] "GENERALI"
[1] 1
[1] "GP-CONSULT"
[1] "GVB"
[1] 1

Selenium message:Element is not currently visible and so may not be interacted with
Build info: version: '2.53.1', revision: 'a36b8b1', time: '2016-06-30 17:37:03'
System info: host: 'b0c071e51f69', ip: '172.17.0.2', os.name: 'Linux', os.arch: 'amd64', os.version: '4.15.0-1043-aws', java.version: '1.8.0_91'
Driver info: driver.version: unknown

[1] "switch to click2"
[1] 2

Selenium message:Element is not currently visible and so may not be interacted with
Build info: version: '2.53.1', revision: 'a36b8b1', time: '2016-06-30 17:37:03'
System info: host: 'b0c071e51f69', ip: '172.17.0.2', os.name: 'Linux', os.arch: 'amd64', os.version: '4.15.0-1043-aws', java.version: '1.8.0_91'
Driver info: driver.version: unknown

[1] "switch to click2"
[1] 3
[1] 4
[1] "GVWE"
[1] 1
[1] "HAUFE"
[1] 1
[1] 2
[1] 3
[1] 4
[1] 5
[1] 6
[1] 7
[1] 8
[1] 9
[1] 10
[1] "HFG"
[1] 1
[1] "HIGH-TECH"
[1] "IAV"
[1] 1
[1] "JENZ"
[1] "MEINDL"
[1] "MTU"
[1] 1
[1] 40
[1] 60
[1] 80
[1] 100
[1] 120
[1] 140
[1] 160
[1] 180
[1] 200
[1] 220
[1] 240
[1] 260
[1] 280

Selenium message:Element is not currently visible and so may not be interacted with
Build info: version: '2.53.1', revision: 'a36b8b1', time: '2016-06-30 17:37:03'
System info: host: 'b0c071e51f69', ip: '172.17.0.2', os.name: 'Linux', os.arch: 'amd64', os.version: '4.15.0-1043-aws', java.version: '1.8.0_91'
Driver info: driver.version: unknown

[1] "switch to click2"
[1] 284
[1] "MUENCH-HYP-ENTWICKLUNG"
[1] "MUENCH-HYP-IMMO"
[1] "MUENCH-HYP-IMMOBEWERT"
[1] "MUENCH-HYP-IT"
[1] "MUENCH-HYP-KAPITALMARKT"
[1] "MUENCH-HYP-PRIVATIMMO"
[1] "MUENCH-HYP-ZENTRALE"
[1] "NAMICS"
[1] "ONMAX"
[1] 1
[1] "P3"
[1] 1
[1] 2
[1] 3
[1] 4
[1] "PHILIPS"
[1] 1
[1] 2
[1] "PSD-BANK"
[1] "RAIFEISEN"
[1] 1
[1] 2
[1] 3
[1] 4
[1] 5
[1] 6
[1] "RATIODATA"
[1] "RATIOPHARM-TEVA"
[1] 1
[1] 2
[1] 3
[1] 4
[1] 5
[1] 6
[1] 7
[1] 8
[1] 9
[1] 10
[1] 11
[1] 12
[1] 13
[1] 14
[1] 15
[1] 16
[1] 17
[1] 18
[1] 19
[1] 20
[1] 21
[1] 22
[1] 23
[1] 24
[1] 25
[1] 26
[1] 27
[1] 28
[1] "SCHMETZ"
[1] "SCHWAEBISCH-HALL"
[1] "SPARDA-BANK"
[1] "TALANX"
[1] "TRUMPF"
[1] 1
[1] 20
[1] 30
[1] 40
[1] 50
[1] 60
[1] 70
[1] 80
[1] 90
[1] 100
[1] 110
[1] 120

Selenium message:Element is not currently visible and so may not be interacted with
Build info: version: '2.53.1', revision: 'a36b8b1', time: '2016-06-30 17:37:03'
System info: host: 'b0c071e51f69', ip: '172.17.0.2', os.name: 'Linux', os.arch: 'amd64', os.version: '4.15.0-1043-aws', java.version: '1.8.0_91'
Driver info: driver.version: unknown

[1] "switch to click2"
[1] 130
[1] "USU"
[1] 1
[1] 2
[1] "VANDERLANDE"
[1] 1
[1] "VERBAND-REGIONEN"
[1] "nr: 13"
<simpleError in iframes[[1]]: subscript out of bounds>
[1] "VODAFONE-DIGITAL "
[1] "KÖRBER"
[1] "EOS-UPTRADE"
[1] "COMDIREKT"
[1] 1
[1] 2
[1] 3
[1] 4
[1] 5
[1] 6
[1] 7
[1] "KRUSS"
[1] "PERKIN"
[1] 1
[1] 2
[1] 3
[1] 4
[1] 5
[1] 6
[1] 7
[1] 8
[1] 9
[1] 10
[1] 11
[1] 12
[1] 13
[1] 14
[1] 15
[1] 16
[1] 17
[1] 18
[1] 19
[1] 20
[1] 21
[1] "NOVOMIND"
[1] "FLASCHENPOST"
[1] "ERPWERK"
[1] 1
[1] 2
[1] "MY-TAXI"
[1] 1
[1] "DEGUSSA"
[1] "MICOBO"
[1] "DFL"
[1] "PFANDBRIEFBANK"
[1] "ON-AG"
[1] "FIDUCIA"
[1] "DEUTSCHE-BAHN-DIGITAL"
[1] 1
[1] 2
[1] "BRUNEL"
[1] 1
[1] 2
[1] "BUSCH"
[1] "CARESYNTAX"
[1] "AAREAL"
[1] 1
[1] 2
[1] 3
[1] "CARGONEXX"
[1] "CEGEKA"
[1] "CELANESE"
[1] 1

Selenium message:Element is not currently visible and so may not be interacted with
Build info: version: '2.53.1', revision: 'a36b8b1', time: '2016-06-30 17:37:03'
System info: host: 'b0c071e51f69', ip: '172.17.0.2', os.name: 'Linux', os.arch: 'amd64', os.version: '4.15.0-1043-aws', java.version: '1.8.0_91'
Driver info: driver.version: unknown

[1] "switch to click2"
[1] 2
[1] 3
[1] "CELERAONE"
[1] "CETOGENE"
[1] "CHEMMEDIA"
[1] "CLARANET"
[1] "CLARK"
[1] 1
[1] 2
[1] "COYO"
[1] "CRITEO"
[1] "CROWDSTRIKE"
[1] "CONRAD-CONNECT"
[1] "CONTIAMO"
[1] "CTS-EVENTIM"
[1] 1
[1] 2
[1] 3
[1] 4
[1] 5
[1] 6
[1] 7
[1] 8
[1] 9
[1] 10
[1] "DATAIKU"
[1] "DEEP-MIND"
[1] "DEFINIENS"
[1] "DELIVERO-HERO"
[1] "DELPHI"
[1] 1
[1] 2
[1] 3
[1] 4
[1] "DEUTSCHE-LEASING"
[1] 1
[1] 2
[1] 3
[1] "DFINE"
[1] "DHL-CONSULTING"
[1] "DKB"
[1] "nr: 14"
<simpleError in iframes[[1]]: subscript out of bounds>
[1] "DM-TECH"
[1] 1
[1] "DOEHLER"
[1] 1
[1] 2
[1] 3
[1] 4
[1] "DOUGLAS"
[1] 1
[1] "DZBANK"

Selenium message:Unable to locate element: {"method":"xpath","selector":"//option[@value = '100']"}
For documentation on this error, please visit: http://seleniumhq.org/exceptions/no_such_element.html
Build info: version: '2.53.1', revision: 'a36b8b1', time: '2016-06-30 17:37:03'
System info: host: 'b0c071e51f69', ip: '172.17.0.2', os.name: 'Linux', os.arch: 'amd64', os.version: '4.15.0-1043-aws', java.version: '1.8.0_91'
Driver info: driver.version: unknown

[1] "nr: 15"
<simpleError: 	 Summary: NoSuchElement
 	 Detail: An element could not be located on the page using the given search parameters.
 	 class: org.openqa.selenium.NoSuchElementException
	 Further Details: run errorDetails method>
[1] "365FARMNET"
[1] "ALLDUS"
[1] 1
[1] "ASC-JOBS"
[1] "AUTOMATION-ANYWHERE"
[1] "AVANADE"
[1] 1
[1] 2
[1] 3
[1] 4
[1] 5
[1] 6
[1] 7
[1] 8
[1] 9
[1] 10
[1] 11
[1] "BALOISE"

Selenium message:Element is not clickable at point (1441.5, 2469.39990234375). Other element would receive the click: <div style="z-index: 7000; display: block;" id="optanon-popup-bg"></div>
Command duration or timeout: 719 milliseconds
Build info: version: '2.53.1', revision: 'a36b8b1', time: '2016-06-30 17:37:03'
System info: host: 'b0c071e51f69', ip: '172.17.0.2', os.name: 'Linux', os.arch: 'amd64', os.version: '4.15.0-1043-aws', java.version: '1.8.0_91'
Driver info: org.openqa.selenium.firefox.FirefoxDriver
Capabilities [{applicationCacheEnabled=true, rotatable=false, handlesAlerts=true, databaseEnabled=true, version=45.0.2, platform=LINUX, nativeEvents=false, acceptSslCerts=true, webStorageEnabled=true, locationContextEnabled=true, browserName=firefox, takesScreenshot=true, javascriptEnabled=true, cssSelectorsEnabled=true}]
Session ID: 94969e3f-7b17-4004-9142-1fb9492e82b7

[1] "switch to click2"
[1] 1

Selenium message:Element is not clickable at point (1441.5, 10.399993896484375). Other element would receive the click: <div class="optanon-alert-box-body"></div>
Command duration or timeout: 5.51 seconds
Build info: version: '2.53.1', revision: 'a36b8b1', time: '2016-06-30 17:37:03'
System info: host: 'b0c071e51f69', ip: '172.17.0.2', os.name: 'Linux', os.arch: 'amd64', os.version: '4.15.0-1043-aws', java.version: '1.8.0_91'
Driver info: org.openqa.selenium.firefox.FirefoxDriver
Capabilities [{applicationCacheEnabled=true, rotatable=false, handlesAlerts=true, databaseEnabled=true, version=45.0.2, platform=LINUX, nativeEvents=false, acceptSslCerts=true, webStorageEnabled=true, locationContextEnabled=true, browserName=firefox, takesScreenshot=true, javascriptEnabled=true, cssSelectorsEnabled=true}]
Session ID: 94969e3f-7b17-4004-9142-1fb9492e82b7

[1] "switch to click2"
[1] 20

Selenium message:Element is not clickable at point (1441.5, 820.4000244140625). Other element would receive the click: <div style="z-index: 7000; display: block;" id="optanon-popup-bg"></div>
Command duration or timeout: 573 milliseconds
Build info: version: '2.53.1', revision: 'a36b8b1', time: '2016-06-30 17:37:03'
System info: host: 'b0c071e51f69', ip: '172.17.0.2', os.name: 'Linux', os.arch: 'amd64', os.version: '4.15.0-1043-aws', java.version: '1.8.0_91'
Driver info: org.openqa.selenium.firefox.FirefoxDriver
Capabilities [{applicationCacheEnabled=true, rotatable=false, handlesAlerts=true, databaseEnabled=true, version=45.0.2, platform=LINUX, nativeEvents=false, acceptSslCerts=true, webStorageEnabled=true, locationContextEnabled=true, browserName=firefox, takesScreenshot=true, javascriptEnabled=true, cssSelectorsEnabled=true}]
Session ID: 94969e3f-7b17-4004-9142-1fb9492e82b7

[1] "switch to click2"
[1] 30

Selenium message:Element is not clickable at point (1441.5, 1630.4000244140625). Other element would receive the click: <div style="z-index: 7000; display: block;" id="optanon-popup-bg"></div>
Command duration or timeout: 64 milliseconds
Build info: version: '2.53.1', revision: 'a36b8b1', time: '2016-06-30 17:37:03'
System info: host: 'b0c071e51f69', ip: '172.17.0.2', os.name: 'Linux', os.arch: 'amd64', os.version: '4.15.0-1043-aws', java.version: '1.8.0_91'
Driver info: org.openqa.selenium.firefox.FirefoxDriver
Capabilities [{applicationCacheEnabled=true, rotatable=false, handlesAlerts=true, databaseEnabled=true, version=45.0.2, platform=LINUX, nativeEvents=false, acceptSslCerts=true, webStorageEnabled=true, locationContextEnabled=true, browserName=firefox, takesScreenshot=true, javascriptEnabled=true, cssSelectorsEnabled=true}]
Session ID: 94969e3f-7b17-4004-9142-1fb9492e82b7

[1] "switch to click2"
[1] 40

Selenium message:Element is not clickable at point (1441.5, 2440.39990234375). Other element would receive the click: <div style="z-index: 7000; display: block;" id="optanon-popup-bg"></div>
Command duration or timeout: 73 milliseconds
Build info: version: '2.53.1', revision: 'a36b8b1', time: '2016-06-30 17:37:03'
System info: host: 'b0c071e51f69', ip: '172.17.0.2', os.name: 'Linux', os.arch: 'amd64', os.version: '4.15.0-1043-aws', java.version: '1.8.0_91'
Driver info: org.openqa.selenium.firefox.FirefoxDriver
Capabilities [{applicationCacheEnabled=true, rotatable=false, handlesAlerts=true, databaseEnabled=true, version=45.0.2, platform=LINUX, nativeEvents=false, acceptSslCerts=true, webStorageEnabled=true, locationContextEnabled=true, browserName=firefox, takesScreenshot=true, javascriptEnabled=true, cssSelectorsEnabled=true}]
Session ID: 94969e3f-7b17-4004-9142-1fb9492e82b7

[1] "switch to click2"
[1] 50

Selenium message:Element is not clickable at point (1441.5, 10.399993896484375). Other element would receive the click: <div class="optanon-alert-box-body"></div>
Command duration or timeout: 2.29 seconds
Build info: version: '2.53.1', revision: 'a36b8b1', time: '2016-06-30 17:37:03'
System info: host: 'b0c071e51f69', ip: '172.17.0.2', os.name: 'Linux', os.arch: 'amd64', os.version: '4.15.0-1043-aws', java.version: '1.8.0_91'
Driver info: org.openqa.selenium.firefox.FirefoxDriver
Capabilities [{applicationCacheEnabled=true, rotatable=false, handlesAlerts=true, databaseEnabled=true, version=45.0.2, platform=LINUX, nativeEvents=false, acceptSslCerts=true, webStorageEnabled=true, locationContextEnabled=true, browserName=firefox, takesScreenshot=true, javascriptEnabled=true, cssSelectorsEnabled=true}]
Session ID: 94969e3f-7b17-4004-9142-1fb9492e82b7

[1] "switch to click2"
[1] 60

Selenium message:Element is not clickable at point (1441.5, 820.4000244140625). Other element would receive the click: <div style="z-index: 7000; display: block;" id="optanon-popup-bg"></div>
Command duration or timeout: 779 milliseconds
Build info: version: '2.53.1', revision: 'a36b8b1', time: '2016-06-30 17:37:03'
System info: host: 'b0c071e51f69', ip: '172.17.0.2', os.name: 'Linux', os.arch: 'amd64', os.version: '4.15.0-1043-aws', java.version: '1.8.0_91'
Driver info: org.openqa.selenium.firefox.FirefoxDriver
Capabilities [{applicationCacheEnabled=true, rotatable=false, handlesAlerts=true, databaseEnabled=true, version=45.0.2, platform=LINUX, nativeEvents=false, acceptSslCerts=true, webStorageEnabled=true, locationContextEnabled=true, browserName=firefox, takesScreenshot=true, javascriptEnabled=true, cssSelectorsEnabled=true}]
Session ID: 94969e3f-7b17-4004-9142-1fb9492e82b7

[1] "switch to click2"
[1] 70

Selenium message:Element is not clickable at point (1441.5, 1630.4000244140625). Other element would receive the click: <div style="z-index: 7000; display: block;" id="optanon-popup-bg"></div>
Command duration or timeout: 329 milliseconds
Build info: version: '2.53.1', revision: 'a36b8b1', time: '2016-06-30 17:37:03'
System info: host: 'b0c071e51f69', ip: '172.17.0.2', os.name: 'Linux', os.arch: 'amd64', os.version: '4.15.0-1043-aws', java.version: '1.8.0_91'
Driver info: org.openqa.selenium.firefox.FirefoxDriver
Capabilities [{applicationCacheEnabled=true, rotatable=false, handlesAlerts=true, databaseEnabled=true, version=45.0.2, platform=LINUX, nativeEvents=false, acceptSslCerts=true, webStorageEnabled=true, locationContextEnabled=true, browserName=firefox, takesScreenshot=true, javascriptEnabled=true, cssSelectorsEnabled=true}]
Session ID: 94969e3f-7b17-4004-9142-1fb9492e82b7

[1] "switch to click2"
[1] 80

Selenium message:Element is not currently visible and so may not be interacted with
Build info: version: '2.53.1', revision: 'a36b8b1', time: '2016-06-30 17:37:03'
System info: host: 'b0c071e51f69', ip: '172.17.0.2', os.name: 'Linux', os.arch: 'amd64', os.version: '4.15.0-1043-aws', java.version: '1.8.0_91'
Driver info: driver.version: unknown

[1] "switch to click2"
[1] 89
[1] "BCG-DIGITAL"
[1] 1
[1] 2
[1] 3
[1] 4
[1] 5
[1] 6
[1] 7
[1] 8
[1] 9
[1] 10
[1] 11
[1] 12
[1] 13
[1] 14
[1] 15
[1] 16
[1] 17
[1] 18
[1] 19
[1] 20
[1] 21
[1] 22
[1] 23
[1] 24
[1] 25
[1] 26
[1] 27
[1] 28
[1] 29
[1] "BD4TRAVEL"
[1] "BITBURGER"
[1] 1
[1] 2
[1] "BREUNINGER"
[1] 1
[1] 2
[1] 3
[1] 4
[1] 5
[1] 6
[1] 7
[1] 8
[1] 9
[1] 10
[1] 11
[1] 12
[1] "COBIBIKE"
[1] "COCUS"
[1] "EQUENSWORDLINE"
[1] 1
[1] "EUFINGER"
[1] "EXASOL"
[1] "AAI"
[1] "ADAC"
[1] 1
[1] 2
[1] "UBS"
[1] 1
[1] 2
[1] 3
[1] 4
[1] 5
[1] 6
[1] 7
[1] 8
[1] 9
[1] 10
[1] 11
[1] NA

Selenium message:null value in entry: url=null

[1] "nr: 16"
<simpleError: 	 Summary: UnknownError
 	 Detail: An unknown server-side error occurred while processing the command.
 	 class: java.lang.NullPointerException
	 Further Details: run errorDetails method>
[1] NA

Selenium message:null value in entry: url=null

[1] "nr: 17"
<simpleError: 	 Summary: UnknownError
 	 Detail: An unknown server-side error occurred while processing the command.
 	 class: java.lang.NullPointerException
	 Further Details: run errorDetails method>
[1] NA

Selenium message:null value in entry: url=null

[1] "nr: 18"
<simpleError: 	 Summary: UnknownError
 	 Detail: An unknown server-side error occurred while processing the command.
 	 class: java.lang.NullPointerException
	 Further Details: run errorDetails method>
[1] NA

Selenium message:null value in entry: url=null

[1] "nr: 19"
<simpleError: 	 Summary: UnknownError
 	 Detail: An unknown server-side error occurred while processing the command.
 	 class: java.lang.NullPointerException
	 Further Details: run errorDetails method>
[1] NA

Selenium message:null value in entry: url=null

[1] "nr: 20"
<simpleError: 	 Summary: UnknownError
 	 Detail: An unknown server-side error occurred while processing the command.
 	 class: java.lang.NullPointerException
	 Further Details: run errorDetails method>
[1] NA

Selenium message:null value in entry: url=null

[1] "nr: 21"
<simpleError: 	 Summary: UnknownError
 	 Detail: An unknown server-side error occurred while processing the command.
 	 class: java.lang.NullPointerException
	 Further Details: run errorDetails method>
[1] NA

Selenium message:null value in entry: url=null

[1] "nr: 22"
<simpleError: 	 Summary: UnknownError
 	 Detail: An unknown server-side error occurred while processing the command.
 	 class: java.lang.NullPointerException
	 Further Details: run errorDetails method>
[1] NA

Selenium message:null value in entry: url=null

[1] "nr: 23"
<simpleError: 	 Summary: UnknownError
 	 Detail: An unknown server-side error occurred while processing the command.
 	 class: java.lang.NullPointerException
	 Further Details: run errorDetails method>
[1] NA

Selenium message:null value in entry: url=null

[1] "nr: 24"
<simpleError: 	 Summary: UnknownError
 	 Detail: An unknown server-side error occurred while processing the command.
 	 class: java.lang.NullPointerException
	 Further Details: run errorDetails method>
[1] NA

Selenium message:null value in entry: url=null

[1] "nr: 25"
<simpleError: 	 Summary: UnknownError
 	 Detail: An unknown server-side error occurred while processing the command.
 	 class: java.lang.NullPointerException
	 Further Details: run errorDetails method>
[1] NA

Selenium message:null value in entry: url=null

[1] "nr: 26"
<simpleError: 	 Summary: UnknownError
 	 Detail: An unknown server-side error occurred while processing the command.
 	 class: java.lang.NullPointerException
	 Further Details: run errorDetails method>
[1] NA

Selenium message:null value in entry: url=null

[1] "nr: 27"
<simpleError: 	 Summary: UnknownError
 	 Detail: An unknown server-side error occurred while processing the command.
 	 class: java.lang.NullPointerException
	 Further Details: run errorDetails method>
[1] NA

Selenium message:null value in entry: url=null

[1] "nr: 28"
<simpleError: 	 Summary: UnknownError
 	 Detail: An unknown server-side error occurred while processing the command.
 	 class: java.lang.NullPointerException
	 Further Details: run errorDetails method>
[1] NA

Selenium message:null value in entry: url=null

[1] "nr: 29"
<simpleError: 	 Summary: UnknownError
 	 Detail: An unknown server-side error occurred while processing the command.
 	 class: java.lang.NullPointerException
	 Further Details: run errorDetails method>
[1] NA

Selenium message:null value in entry: url=null

[1] "nr: 30"
<simpleError: 	 Summary: UnknownError
 	 Detail: An unknown server-side error occurred while processing the command.
 	 class: java.lang.NullPointerException
	 Further Details: run errorDetails method>
[1] NA

Selenium message:null value in entry: url=null

[1] "nr: 31"
<simpleError: 	 Summary: UnknownError
 	 Detail: An unknown server-side error occurred while processing the command.
 	 class: java.lang.NullPointerException
	 Further Details: run errorDetails method>
[1] NA

Selenium message:null value in entry: url=null

[1] "nr: 32"
<simpleError: 	 Summary: UnknownError
 	 Detail: An unknown server-side error occurred while processing the command.
 	 class: java.lang.NullPointerException
	 Further Details: run errorDetails method>
[1] NA

Selenium message:null value in entry: url=null

[1] "nr: 33"
<simpleError: 	 Summary: UnknownError
 	 Detail: An unknown server-side error occurred while processing the command.
 	 class: java.lang.NullPointerException
	 Further Details: run errorDetails method>
[1] NA

Selenium message:null value in entry: url=null

[1] "nr: 34"
<simpleError: 	 Summary: UnknownError
 	 Detail: An unknown server-side error occurred while processing the command.
 	 class: java.lang.NullPointerException
	 Further Details: run errorDetails method>
[1] NA

Selenium message:null value in entry: url=null

[1] "nr: 35"
<simpleError: 	 Summary: UnknownError
 	 Detail: An unknown server-side error occurred while processing the command.
 	 class: java.lang.NullPointerException
	 Further Details: run errorDetails method>
[1] NA

Selenium message:null value in entry: url=null

[1] "nr: 36"
<simpleError: 	 Summary: UnknownError
 	 Detail: An unknown server-side error occurred while processing the command.
 	 class: java.lang.NullPointerException
	 Further Details: run errorDetails method>
[1] NA

Selenium message:null value in entry: url=null

[1] "nr: 37"
<simpleError: 	 Summary: UnknownError
 	 Detail: An unknown server-side error occurred while processing the command.
 	 class: java.lang.NullPointerException
	 Further Details: run errorDetails method>
[1] NA

Selenium message:null value in entry: url=null

[1] "nr: 38"
<simpleError: 	 Summary: UnknownError
 	 Detail: An unknown server-side error occurred while processing the command.
 	 class: java.lang.NullPointerException
	 Further Details: run errorDetails method>
[1] NA

Selenium message:null value in entry: url=null

[1] "nr: 39"
<simpleError: 	 Summary: UnknownError
 	 Detail: An unknown server-side error occurred while processing the command.
 	 class: java.lang.NullPointerException
	 Further Details: run errorDetails method>
[1] NA

Selenium message:null value in entry: url=null

[1] "nr: 40"
<simpleError: 	 Summary: UnknownError
 	 Detail: An unknown server-side error occurred while processing the command.
 	 class: java.lang.NullPointerException
	 Further Details: run errorDetails method>
[1] NA

Selenium message:null value in entry: url=null

[1] "nr: 41"
<simpleError: 	 Summary: UnknownError
 	 Detail: An unknown server-side error occurred while processing the command.
 	 class: java.lang.NullPointerException
	 Further Details: run errorDetails method>
[1] NA

Selenium message:null value in entry: url=null

[1] "nr: 42"
<simpleError: 	 Summary: UnknownError
 	 Detail: An unknown server-side error occurred while processing the command.
 	 class: java.lang.NullPointerException
	 Further Details: run errorDetails method>
[1] NA

Selenium message:null value in entry: url=null

[1] "nr: 43"
<simpleError: 	 Summary: UnknownError
 	 Detail: An unknown server-side error occurred while processing the command.
 	 class: java.lang.NullPointerException
	 Further Details: run errorDetails method>
[1] NA

Selenium message:null value in entry: url=null

[1] "nr: 44"
<simpleError: 	 Summary: UnknownError
 	 Detail: An unknown server-side error occurred while processing the command.
 	 class: java.lang.NullPointerException
	 Further Details: run errorDetails method>
[1] NA
[1] "nr: 45"
<simpleError in checkError(res): Undefined error in httr call. httr output: Recv failure: Connection reset by peer>
[1] NA
[sudo] password for rstudio: docker: error during connect: Post http://%2Fvar%2Frun%2Fdocker.sock/v1.29/containers/create: read unix @->/var/run/docker.sock: read: connection reset by peer.
See 'docker run --help'.
[1] "Connecting to remote server"
[1] "nr: 46"
<simpleError in checkError(res): Undefined error in httr call. httr output: Failed to connect to localhost port 46629: Connection refused>
[1] NA
sudo: unable to resolve host ip-172-31-34-202: Resource temporarily unavailable
[sudo] password for rstudio: docker: error during connect: Post http://%2Fvar%2Frun%2Fdocker.sock/v1.29/containers/create: EOF.
See 'docker run --help'.
[1] "Connecting to remote server"
[1] "nr: 47"
<simpleError in checkError(res): Undefined error in httr call. httr output: Failed to connect to localhost port 38836: Connection refused>
[1] NA
sudo: unable to resolve host ip-172-31-34-202: Resource temporarily unavailable
[sudo] password for rstudio: docker: Cannot connect to the Docker daemon at unix:///var/run/docker.sock. Is the docker daemon running?.
See 'docker run --help'.
[1] "Connecting to remote server"
[1] "nr: 48"
<simpleError in checkError(res): Undefined error in httr call. httr output: Failed to connect to localhost port 44537: Connection refused>
[1] NA
sudo: unable to resolve host ip-172-31-34-202: Resource temporarily unavailable
[sudo] password for rstudio: docker: Cannot connect to the Docker daemon at unix:///var/run/docker.sock. Is the docker daemon running?.
See 'docker run --help'.
[1] "Connecting to remote server"
[1] "nr: 49"
<simpleError in checkError(res): Undefined error in httr call. httr output: Failed to connect to localhost port 45325: Connection refused>
[1] NA
sudo: unable to resolve host ip-172-31-34-202: Resource temporarily unavailable
[sudo] password for rstudio: docker: Cannot connect to the Docker daemon at unix:///var/run/docker.sock. Is the docker daemon running?.
See 'docker run --help'.
[1] "Connecting to remote server"
[1] "nr: 50"
<simpleError in checkError(res): Undefined error in httr call. httr output: Failed to connect to localhost port 45456: Connection refused>
[1] NA
sudo: unable to resolve host ip-172-31-34-202: Resource temporarily unavailable
[sudo] password for rstudio: docker: Cannot connect to the Docker daemon at unix:///var/run/docker.sock. Is the docker daemon running?.
See 'docker run --help'.
[1] "Connecting to remote server"
[1] "nr: 51"
<simpleError in checkError(res): Undefined error in httr call. httr output: Failed to connect to localhost port 48007: Connection refused>
[1] NA
sudo: unable to resolve host ip-172-31-34-202: Resource temporarily unavailable
[sudo] password for rstudio: docker: Cannot connect to the Docker daemon at unix:///var/run/docker.sock. Is the docker daemon running?.
See 'docker run --help'.
[1] "Connecting to remote server"
[1] "nr: 52"
<simpleError in checkError(res): Undefined error in httr call. httr output: Failed to connect to localhost port 41272: Connection refused>
[1] NA
sudo: unable to resolve host ip-172-31-34-202: Resource temporarily unavailable
[sudo] password for rstudio: docker: Cannot connect to the Docker daemon at unix:///var/run/docker.sock. Is the docker daemon running?.
See 'docker run --help'.
[1] "Connecting to remote server"
[1] "nr: 53"
<simpleError in checkError(res): Undefined error in httr call. httr output: Failed to connect to localhost port 42356: Connection refused>
[1] NA
sudo: unable to resolve host ip-172-31-34-202: Resource temporarily unavailable
[sudo] password for rstudio: docker: Cannot connect to the Docker daemon at unix:///var/run/docker.sock. Is the docker daemon running?.
See 'docker run --help'.
[1] "Connecting to remote server"
[1] "nr: 54"
<simpleError in checkError(res): Undefined error in httr call. httr output: Failed to connect to localhost port 44288: Connection refused>
[1] NA
sudo: unable to resolve host ip-172-31-34-202: Resource temporarily unavailable
[sudo] password for rstudio: docker: Cannot connect to the Docker daemon at unix:///var/run/docker.sock. Is the docker daemon running?.
See 'docker run --help'.
[1] "Connecting to remote server"
[1] "nr: 55"
<simpleError in checkError(res): Undefined error in httr call. httr output: Failed to connect to localhost port 44980: Connection refused>
[1] NA
sudo: unable to resolve host ip-172-31-34-202: Resource temporarily unavailable
[sudo] password for rstudio: docker: Cannot connect to the Docker daemon at unix:///var/run/docker.sock. Is the docker daemon running?.
See 'docker run --help'.
[1] "Connecting to remote server"
[1] "nr: 56"
<simpleError in checkError(res): Undefined error in httr call. httr output: Failed to connect to localhost port 44872: Connection refused>
[1] NA
sudo: unable to resolve host ip-172-31-34-202: Resource temporarily unavailable
[sudo] password for rstudio: docker: Cannot connect to the Docker daemon at unix:///var/run/docker.sock. Is the docker daemon running?.
See 'docker run --help'.
[1] "Connecting to remote server"
[1] "nr: 57"
<simpleError in checkError(res): Undefined error in httr call. httr output: Failed to connect to localhost port 44514: Connection refused>
[1] NA
sudo: unable to resolve host ip-172-31-34-202: Resource temporarily unavailable
[sudo] password for rstudio: docker: Cannot connect to the Docker daemon at unix:///var/run/docker.sock. Is the docker daemon running?.
See 'docker run --help'.
[1] "Connecting to remote server"
[1] "nr: 58"
<simpleError in checkError(res): Undefined error in httr call. httr output: Failed to connect to localhost port 44059: Connection refused>
[1] NA
sudo: unable to resolve host ip-172-31-34-202: Resource temporarily unavailable
[sudo] password for rstudio: docker: Cannot connect to the Docker daemon at unix:///var/run/docker.sock. Is the docker daemon running?.
See 'docker run --help'.
[1] "Connecting to remote server"
[1] "nr: 59"
<simpleError in checkError(res): Undefined error in httr call. httr output: Failed to connect to localhost port 43453: Connection refused>
[1] NA
sudo: unable to resolve host ip-172-31-34-202: Resource temporarily unavailable
[sudo] password for rstudio: docker: Cannot connect to the Docker daemon at unix:///var/run/docker.sock. Is the docker daemon running?.
See 'docker run --help'.
[1] "Connecting to remote server"
[1] "nr: 60"
<simpleError in checkError(res): Undefined error in httr call. httr output: Failed to connect to localhost port 47382: Connection refused>
[1] NA
sudo: unable to resolve host ip-172-31-34-202: Resource temporarily unavailable
[sudo] password for rstudio: docker: Cannot connect to the Docker daemon at unix:///var/run/docker.sock. Is the docker daemon running?.
See 'docker run --help'.
[1] "Connecting to remote server"
[1] "nr: 61"
<simpleError in checkError(res): Undefined error in httr call. httr output: Failed to connect to localhost port 38101: Connection refused>
[1] NA
sudo: unable to resolve host ip-172-31-34-202: Resource temporarily unavailable
[sudo] password for rstudio: docker: Cannot connect to the Docker daemon at unix:///var/run/docker.sock. Is the docker daemon running?.
See 'docker run --help'.
[1] "Connecting to remote server"
[1] "nr: 62"
<simpleError in checkError(res): Undefined error in httr call. httr output: Failed to connect to localhost port 44652: Connection refused>
[1] NA
sudo: unable to resolve host ip-172-31-34-202: Resource temporarily unavailable
[sudo] password for rstudio: docker: Cannot connect to the Docker daemon at unix:///var/run/docker.sock. Is the docker daemon running?.
See 'docker run --help'.
[1] "Connecting to remote server"
[1] "nr: 63"
<simpleError in checkError(res): Undefined error in httr call. httr output: Failed to connect to localhost port 38803: Connection refus